Build output check failed:
    Regex: 'command[- ]line option .* is valid for .* but not for C'
    Output line: 'cc1: warning: command-line option ‘-Wnon-virtual-dtor’ is valid for C++/ObjC++ but not for C'
Compilation failed:
    source file: '/home/ansh/Desktop/EC535/3DPrinterMonitor/PrinterRenderer/Ubuntu_Attempt/Test Codes/revision3/build/CMakeFiles/CMakeTmp/src.c'
    check option: ' -fsigned-char -W -Wall -Wreturn-type  -Wnon-virtual-dtor'
===== BUILD LOG =====
Change Dir: /home/ansh/Desktop/EC535/3DPrinterMonitor/PrinterRenderer/Ubuntu_Attempt/Test Codes/revision3/build/CMakeFiles/CMakeTmp

Run Build Command(s):/usr/bin/gmake -f Makefile cmTC_fae7c/fast && /usr/bin/gmake  -f CMakeFiles/cmTC_fae7c.dir/build.make CMakeFiles/cmTC_fae7c.dir/build
gmake[1]: Entering directory '/home/ansh/Desktop/EC535/3DPrinterMonitor/PrinterRenderer/Ubuntu_Attempt/Test Codes/revision3/build/CMakeFiles/CMakeTmp'
Building C object CMakeFiles/cmTC_fae7c.dir/src.c.o
/usr/bin/cc   -O3 -DNDEBUG -fPIE    -fsigned-char -W -Wall -Wreturn-type  -Wnon-virtual-dtor -o CMakeFiles/cmTC_fae7c.dir/src.c.o -c "/home/ansh/Desktop/EC535/3DPrinterMonitor/PrinterRenderer/Ubuntu_Attempt/Test Codes/revision3/build/CMakeFiles/CMakeTmp/src.c"
cc1: warning: command-line option ‘-Wnon-virtual-dtor’ is valid for C++/ObjC++ but not for C
/home/ansh/Desktop/EC535/3DPrinterMonitor/PrinterRenderer/Ubuntu_Attempt/Test Codes/revision3/build/CMakeFiles/CMakeTmp/src.c:1: warning: ignoring ‘#pragma  ’ [-Wunknown-pragmas]
    1 | #pragma
      | 
Linking C executable cmTC_fae7c
/usr/bin/cmake -E cmake_link_script CMakeFiles/cmTC_fae7c.dir/link.txt --verbose=1
/usr/bin/cc -O3 -DNDEBUG CMakeFiles/cmTC_fae7c.dir/src.c.o -o cmTC_fae7c 
gmake[1]: Leaving directory '/home/ansh/Desktop/EC535/3DPrinterMonitor/PrinterRenderer/Ubuntu_Attempt/Test Codes/revision3/build/CMakeFiles/CMakeTmp'


===== END =====

Build output check failed:
    Regex: 'command[- ]line option .* is valid for .* but not for C\+\+'
    Output line: 'cc1plus: warning: command-line option ‘-Wmissing-prototypes’ is valid for C/ObjC but not for C++'
Compilation failed:
    source file: '/home/ansh/Desktop/EC535/3DPrinterMonitor/PrinterRenderer/Ubuntu_Attempt/Test Codes/revision3/build/CMakeFiles/CMakeTmp/src.cxx'
    check option: ' -fsigned-char -W -Wall -Wreturn-type -Wnon-virtual-dtor -Waddress -Wsequence-point -Wformat -Wformat-security -Wmissing-declarations  -Wmissing-prototypes'
===== BUILD LOG =====
Change Dir: /home/ansh/Desktop/EC535/3DPrinterMonitor/PrinterRenderer/Ubuntu_Attempt/Test Codes/revision3/build/CMakeFiles/CMakeTmp

Run Build Command(s):/usr/bin/gmake -f Makefile cmTC_39187/fast && /usr/bin/gmake  -f CMakeFiles/cmTC_39187.dir/build.make CMakeFiles/cmTC_39187.dir/build
gmake[1]: Entering directory '/home/ansh/Desktop/EC535/3DPrinterMonitor/PrinterRenderer/Ubuntu_Attempt/Test Codes/revision3/build/CMakeFiles/CMakeTmp'
Building CXX object CMakeFiles/cmTC_39187.dir/src.cxx.o
/usr/bin/c++   -O3 -DNDEBUG -fPIE    -fsigned-char -W -Wall -Wreturn-type -Wnon-virtual-dtor -Waddress -Wsequence-point -Wformat -Wformat-security -Wmissing-declarations  -Wmissing-prototypes -std=c++11 -o CMakeFiles/cmTC_39187.dir/src.cxx.o -c "/home/ansh/Desktop/EC535/3DPrinterMonitor/PrinterRenderer/Ubuntu_Attempt/Test Codes/revision3/build/CMakeFiles/CMakeTmp/src.cxx"
cc1plus: warning: command-line option ‘-Wmissing-prototypes’ is valid for C/ObjC but not for C++
/home/ansh/Desktop/EC535/3DPrinterMonitor/PrinterRenderer/Ubuntu_Attempt/Test Codes/revision3/build/CMakeFiles/CMakeTmp/src.cxx:1: warning: ignoring ‘#pragma  ’ [-Wunknown-pragmas]
    1 | #pragma
      | 
Linking CXX executable cmTC_39187
/usr/bin/cmake -E cmake_link_script CMakeFiles/cmTC_39187.dir/link.txt --verbose=1
/usr/bin/c++ -O3 -DNDEBUG CMakeFiles/cmTC_39187.dir/src.cxx.o -o cmTC_39187 
gmake[1]: Leaving directory '/home/ansh/Desktop/EC535/3DPrinterMonitor/PrinterRenderer/Ubuntu_Attempt/Test Codes/revision3/build/CMakeFiles/CMakeTmp'


===== END =====

Build output check failed:
    Regex: 'command[- ]line option .* is valid for .* but not for C\+\+'
    Output line: 'cc1plus: warning: command-line option ‘-Wstrict-prototypes’ is valid for C/ObjC but not for C++'
Compilation failed:
    source file: '/home/ansh/Desktop/EC535/3DPrinterMonitor/PrinterRenderer/Ubuntu_Attempt/Test Codes/revision3/build/CMakeFiles/CMakeTmp/src.cxx'
    check option: ' -fsigned-char -W -Wall -Wreturn-type -Wnon-virtual-dtor -Waddress -Wsequence-point -Wformat -Wformat-security -Wmissing-declarations  -Wstrict-prototypes'
===== BUILD LOG =====
Change Dir: /home/ansh/Desktop/EC535/3DPrinterMonitor/PrinterRenderer/Ubuntu_Attempt/Test Codes/revision3/build/CMakeFiles/CMakeTmp

Run Build Command(s):/usr/bin/gmake -f Makefile cmTC_6b5b4/fast && /usr/bin/gmake  -f CMakeFiles/cmTC_6b5b4.dir/build.make CMakeFiles/cmTC_6b5b4.dir/build
gmake[1]: Entering directory '/home/ansh/Desktop/EC535/3DPrinterMonitor/PrinterRenderer/Ubuntu_Attempt/Test Codes/revision3/build/CMakeFiles/CMakeTmp'
Building CXX object CMakeFiles/cmTC_6b5b4.dir/src.cxx.o
/usr/bin/c++   -O3 -DNDEBUG -fPIE    -fsigned-char -W -Wall -Wreturn-type -Wnon-virtual-dtor -Waddress -Wsequence-point -Wformat -Wformat-security -Wmissing-declarations  -Wstrict-prototypes -std=c++11 -o CMakeFiles/cmTC_6b5b4.dir/src.cxx.o -c "/home/ansh/Desktop/EC535/3DPrinterMonitor/PrinterRenderer/Ubuntu_Attempt/Test Codes/revision3/build/CMakeFiles/CMakeTmp/src.cxx"
cc1plus: warning: command-line option ‘-Wstrict-prototypes’ is valid for C/ObjC but not for C++
/home/ansh/Desktop/EC535/3DPrinterMonitor/PrinterRenderer/Ubuntu_Attempt/Test Codes/revision3/build/CMakeFiles/CMakeTmp/src.cxx:1: warning: ignoring ‘#pragma  ’ [-Wunknown-pragmas]
    1 | #pragma
      | 
Linking CXX executable cmTC_6b5b4
/usr/bin/cmake -E cmake_link_script CMakeFiles/cmTC_6b5b4.dir/link.txt --verbose=1
/usr/bin/c++ -O3 -DNDEBUG CMakeFiles/cmTC_6b5b4.dir/src.cxx.o -o cmTC_6b5b4 
gmake[1]: Leaving directory '/home/ansh/Desktop/EC535/3DPrinterMonitor/PrinterRenderer/Ubuntu_Attempt/Test Codes/revision3/build/CMakeFiles/CMakeTmp'


===== END =====

Build output check failed:
    Regex: 'command[- ]line option .* is valid for .* but not for C'
    Output line: 'cc1: warning: command-line option ‘-Wsign-promo’ is valid for C++/ObjC++ but not for C'
Compilation failed:
    source file: '/home/ansh/Desktop/EC535/3DPrinterMonitor/PrinterRenderer/Ubuntu_Attempt/Test Codes/revision3/build/CMakeFiles/CMakeTmp/src.c'
    check option: ' -fsigned-char -W -Wall -Wreturn-type -Waddress -Wsequence-point -Wformat -Wformat-security -Wmissing-declarations -Wmissing-prototypes -Wstrict-prototypes -Wundef -Winit-self -Wpointer-arith -Wshadow  -Wsign-promo'
===== BUILD LOG =====
Change Dir: /home/ansh/Desktop/EC535/3DPrinterMonitor/PrinterRenderer/Ubuntu_Attempt/Test Codes/revision3/build/CMakeFiles/CMakeTmp

Run Build Command(s):/usr/bin/gmake -f Makefile cmTC_8cbdc/fast && /usr/bin/gmake  -f CMakeFiles/cmTC_8cbdc.dir/build.make CMakeFiles/cmTC_8cbdc.dir/build
gmake[1]: Entering directory '/home/ansh/Desktop/EC535/3DPrinterMonitor/PrinterRenderer/Ubuntu_Attempt/Test Codes/revision3/build/CMakeFiles/CMakeTmp'
Building C object CMakeFiles/cmTC_8cbdc.dir/src.c.o
/usr/bin/cc   -O3 -DNDEBUG -fPIE    -fsigned-char -W -Wall -Wreturn-type -Waddress -Wsequence-point -Wformat -Wformat-security -Wmissing-declarations -Wmissing-prototypes -Wstrict-prototypes -Wundef -Winit-self -Wpointer-arith -Wshadow  -Wsign-promo -o CMakeFiles/cmTC_8cbdc.dir/src.c.o -c "/home/ansh/Desktop/EC535/3DPrinterMonitor/PrinterRenderer/Ubuntu_Attempt/Test Codes/revision3/build/CMakeFiles/CMakeTmp/src.c"
cc1: warning: command-line option ‘-Wsign-promo’ is valid for C++/ObjC++ but not for C
/home/ansh/Desktop/EC535/3DPrinterMonitor/PrinterRenderer/Ubuntu_Attempt/Test Codes/revision3/build/CMakeFiles/CMakeTmp/src.c:1: warning: ignoring ‘#pragma  ’ [-Wunknown-pragmas]
    1 | #pragma
      | 
Linking C executable cmTC_8cbdc
/usr/bin/cmake -E cmake_link_script CMakeFiles/cmTC_8cbdc.dir/link.txt --verbose=1
/usr/bin/cc -O3 -DNDEBUG CMakeFiles/cmTC_8cbdc.dir/src.c.o -o cmTC_8cbdc 
gmake[1]: Leaving directory '/home/ansh/Desktop/EC535/3DPrinterMonitor/PrinterRenderer/Ubuntu_Attempt/Test Codes/revision3/build/CMakeFiles/CMakeTmp'


===== END =====

Build output check failed:
    Regex: 'command[- ]line option .* is valid for .* but not for C'
    Output line: 'cc1: warning: command-line option ‘-Wsuggest-override’ is valid for C++/ObjC++ but not for C'
Compilation failed:
    source file: '/home/ansh/Desktop/EC535/3DPrinterMonitor/PrinterRenderer/Ubuntu_Attempt/Test Codes/revision3/build/CMakeFiles/CMakeTmp/src.c'
    check option: ' -fsigned-char -W -Wall -Wreturn-type -Waddress -Wsequence-point -Wformat -Wformat-security -Wmissing-declarations -Wmissing-prototypes -Wstrict-prototypes -Wundef -Winit-self -Wpointer-arith -Wshadow -Wuninitialized  -Wsuggest-override'
===== BUILD LOG =====
Change Dir: /home/ansh/Desktop/EC535/3DPrinterMonitor/PrinterRenderer/Ubuntu_Attempt/Test Codes/revision3/build/CMakeFiles/CMakeTmp

Run Build Command(s):/usr/bin/gmake -f Makefile cmTC_0eb65/fast && /usr/bin/gmake  -f CMakeFiles/cmTC_0eb65.dir/build.make CMakeFiles/cmTC_0eb65.dir/build
gmake[1]: Entering directory '/home/ansh/Desktop/EC535/3DPrinterMonitor/PrinterRenderer/Ubuntu_Attempt/Test Codes/revision3/build/CMakeFiles/CMakeTmp'
Building C object CMakeFiles/cmTC_0eb65.dir/src.c.o
/usr/bin/cc   -O3 -DNDEBUG -fPIE    -fsigned-char -W -Wall -Wreturn-type -Waddress -Wsequence-point -Wformat -Wformat-security -Wmissing-declarations -Wmissing-prototypes -Wstrict-prototypes -Wundef -Winit-self -Wpointer-arith -Wshadow -Wuninitialized  -Wsuggest-override -o CMakeFiles/cmTC_0eb65.dir/src.c.o -c "/home/ansh/Desktop/EC535/3DPrinterMonitor/PrinterRenderer/Ubuntu_Attempt/Test Codes/revision3/build/CMakeFiles/CMakeTmp/src.c"
cc1: warning: command-line option ‘-Wsuggest-override’ is valid for C++/ObjC++ but not for C
/home/ansh/Desktop/EC535/3DPrinterMonitor/PrinterRenderer/Ubuntu_Attempt/Test Codes/revision3/build/CMakeFiles/CMakeTmp/src.c:1: warning: ignoring ‘#pragma  ’ [-Wunknown-pragmas]
    1 | #pragma
      | 
Linking C executable cmTC_0eb65
/usr/bin/cmake -E cmake_link_script CMakeFiles/cmTC_0eb65.dir/link.txt --verbose=1
/usr/bin/cc -O3 -DNDEBUG CMakeFiles/cmTC_0eb65.dir/src.c.o -o cmTC_0eb65 
gmake[1]: Leaving directory '/home/ansh/Desktop/EC535/3DPrinterMonitor/PrinterRenderer/Ubuntu_Attempt/Test Codes/revision3/build/CMakeFiles/CMakeTmp'


===== END =====

Build output check failed:
    Regex: 'command[- ]line option .* is valid for .* but not for C'
    Output line: 'cc1: warning: command-line option ‘-Wno-delete-non-virtual-dtor’ is valid for C++/ObjC++ but not for C'
Compilation failed:
    source file: '/home/ansh/Desktop/EC535/3DPrinterMonitor/PrinterRenderer/Ubuntu_Attempt/Test Codes/revision3/build/CMakeFiles/CMakeTmp/src.c'
    check option: ' -fsigned-char -W -Wall -Wreturn-type -Waddress -Wsequence-point -Wformat -Wformat-security -Wmissing-declarations -Wmissing-prototypes -Wstrict-prototypes -Wundef -Winit-self -Wpointer-arith -Wshadow -Wuninitialized  -Wno-delete-non-virtual-dtor'
===== BUILD LOG =====
Change Dir: /home/ansh/Desktop/EC535/3DPrinterMonitor/PrinterRenderer/Ubuntu_Attempt/Test Codes/revision3/build/CMakeFiles/CMakeTmp

Run Build Command(s):/usr/bin/gmake -f Makefile cmTC_06747/fast && /usr/bin/gmake  -f CMakeFiles/cmTC_06747.dir/build.make CMakeFiles/cmTC_06747.dir/build
gmake[1]: Entering directory '/home/ansh/Desktop/EC535/3DPrinterMonitor/PrinterRenderer/Ubuntu_Attempt/Test Codes/revision3/build/CMakeFiles/CMakeTmp'
Building C object CMakeFiles/cmTC_06747.dir/src.c.o
/usr/bin/cc   -O3 -DNDEBUG -fPIE    -fsigned-char -W -Wall -Wreturn-type -Waddress -Wsequence-point -Wformat -Wformat-security -Wmissing-declarations -Wmissing-prototypes -Wstrict-prototypes -Wundef -Winit-self -Wpointer-arith -Wshadow -Wuninitialized  -Wno-delete-non-virtual-dtor -o CMakeFiles/cmTC_06747.dir/src.c.o -c "/home/ansh/Desktop/EC535/3DPrinterMonitor/PrinterRenderer/Ubuntu_Attempt/Test Codes/revision3/build/CMakeFiles/CMakeTmp/src.c"
cc1: warning: command-line option ‘-Wno-delete-non-virtual-dtor’ is valid for C++/ObjC++ but not for C
/home/ansh/Desktop/EC535/3DPrinterMonitor/PrinterRenderer/Ubuntu_Attempt/Test Codes/revision3/build/CMakeFiles/CMakeTmp/src.c:1: warning: ignoring ‘#pragma  ’ [-Wunknown-pragmas]
    1 | #pragma
      | 
Linking C executable cmTC_06747
/usr/bin/cmake -E cmake_link_script CMakeFiles/cmTC_06747.dir/link.txt --verbose=1
/usr/bin/cc -O3 -DNDEBUG CMakeFiles/cmTC_06747.dir/src.c.o -o cmTC_06747 
gmake[1]: Leaving directory '/home/ansh/Desktop/EC535/3DPrinterMonitor/PrinterRenderer/Ubuntu_Attempt/Test Codes/revision3/build/CMakeFiles/CMakeTmp'


===== END =====

Build output check failed:
    Regex: 'unrecognized .*option'
    Output line: 'cc1plus: note: unrecognized command-line option ‘-Wno-unnamed-type-template-args’ may have been intended to silence earlier diagnostics'
Compilation failed:
    source file: '/home/ansh/Desktop/EC535/3DPrinterMonitor/PrinterRenderer/Ubuntu_Attempt/Test Codes/revision3/build/CMakeFiles/CMakeTmp/src.cxx'
    check option: ' -fsigned-char -W -Wall -Wreturn-type -Wnon-virtual-dtor -Waddress -Wsequence-point -Wformat -Wformat-security -Wmissing-declarations -Wundef -Winit-self -Wpointer-arith -Wshadow -Wsign-promo -Wuninitialized -Wsuggest-override -Wno-delete-non-virtual-dtor  -Wno-unnamed-type-template-args'
===== BUILD LOG =====
Change Dir: /home/ansh/Desktop/EC535/3DPrinterMonitor/PrinterRenderer/Ubuntu_Attempt/Test Codes/revision3/build/CMakeFiles/CMakeTmp

Run Build Command(s):/usr/bin/gmake -f Makefile cmTC_554c6/fast && /usr/bin/gmake  -f CMakeFiles/cmTC_554c6.dir/build.make CMakeFiles/cmTC_554c6.dir/build
gmake[1]: Entering directory '/home/ansh/Desktop/EC535/3DPrinterMonitor/PrinterRenderer/Ubuntu_Attempt/Test Codes/revision3/build/CMakeFiles/CMakeTmp'
Building CXX object CMakeFiles/cmTC_554c6.dir/src.cxx.o
/usr/bin/c++   -O3 -DNDEBUG -fPIE    -fsigned-char -W -Wall -Wreturn-type -Wnon-virtual-dtor -Waddress -Wsequence-point -Wformat -Wformat-security -Wmissing-declarations -Wundef -Winit-self -Wpointer-arith -Wshadow -Wsign-promo -Wuninitialized -Wsuggest-override -Wno-delete-non-virtual-dtor  -Wno-unnamed-type-template-args -std=c++11 -o CMakeFiles/cmTC_554c6.dir/src.cxx.o -c "/home/ansh/Desktop/EC535/3DPrinterMonitor/PrinterRenderer/Ubuntu_Attempt/Test Codes/revision3/build/CMakeFiles/CMakeTmp/src.cxx"
/home/ansh/Desktop/EC535/3DPrinterMonitor/PrinterRenderer/Ubuntu_Attempt/Test Codes/revision3/build/CMakeFiles/CMakeTmp/src.cxx:1: warning: ignoring ‘#pragma  ’ [-Wunknown-pragmas]
    1 | #pragma
      | 
cc1plus: note: unrecognized command-line option ‘-Wno-unnamed-type-template-args’ may have been intended to silence earlier diagnostics
Linking CXX executable cmTC_554c6
/usr/bin/cmake -E cmake_link_script CMakeFiles/cmTC_554c6.dir/link.txt --verbose=1
/usr/bin/c++ -O3 -DNDEBUG CMakeFiles/cmTC_554c6.dir/src.cxx.o -o cmTC_554c6 
gmake[1]: Leaving directory '/home/ansh/Desktop/EC535/3DPrinterMonitor/PrinterRenderer/Ubuntu_Attempt/Test Codes/revision3/build/CMakeFiles/CMakeTmp'


===== END =====

Build output check failed:
    Regex: 'unrecognized .*option'
    Output line: 'cc1: note: unrecognized command-line option ‘-Wno-unnamed-type-template-args’ may have been intended to silence earlier diagnostics'
Compilation failed:
    source file: '/home/ansh/Desktop/EC535/3DPrinterMonitor/PrinterRenderer/Ubuntu_Attempt/Test Codes/revision3/build/CMakeFiles/CMakeTmp/src.c'
    check option: ' -fsigned-char -W -Wall -Wreturn-type -Waddress -Wsequence-point -Wformat -Wformat-security -Wmissing-declarations -Wmissing-prototypes -Wstrict-prototypes -Wundef -Winit-self -Wpointer-arith -Wshadow -Wuninitialized  -Wno-unnamed-type-template-args'
===== BUILD LOG =====
Change Dir: /home/ansh/Desktop/EC535/3DPrinterMonitor/PrinterRenderer/Ubuntu_Attempt/Test Codes/revision3/build/CMakeFiles/CMakeTmp

Run Build Command(s):/usr/bin/gmake -f Makefile cmTC_37b77/fast && /usr/bin/gmake  -f CMakeFiles/cmTC_37b77.dir/build.make CMakeFiles/cmTC_37b77.dir/build
gmake[1]: Entering directory '/home/ansh/Desktop/EC535/3DPrinterMonitor/PrinterRenderer/Ubuntu_Attempt/Test Codes/revision3/build/CMakeFiles/CMakeTmp'
Building C object CMakeFiles/cmTC_37b77.dir/src.c.o
/usr/bin/cc   -O3 -DNDEBUG -fPIE    -fsigned-char -W -Wall -Wreturn-type -Waddress -Wsequence-point -Wformat -Wformat-security -Wmissing-declarations -Wmissing-prototypes -Wstrict-prototypes -Wundef -Winit-self -Wpointer-arith -Wshadow -Wuninitialized  -Wno-unnamed-type-template-args -o CMakeFiles/cmTC_37b77.dir/src.c.o -c "/home/ansh/Desktop/EC535/3DPrinterMonitor/PrinterRenderer/Ubuntu_Attempt/Test Codes/revision3/build/CMakeFiles/CMakeTmp/src.c"
/home/ansh/Desktop/EC535/3DPrinterMonitor/PrinterRenderer/Ubuntu_Attempt/Test Codes/revision3/build/CMakeFiles/CMakeTmp/src.c:1: warning: ignoring ‘#pragma  ’ [-Wunknown-pragmas]
    1 | #pragma
      | 
cc1: note: unrecognized command-line option ‘-Wno-unnamed-type-template-args’ may have been intended to silence earlier diagnostics
Linking C executable cmTC_37b77
/usr/bin/cmake -E cmake_link_script CMakeFiles/cmTC_37b77.dir/link.txt --verbose=1
/usr/bin/cc -O3 -DNDEBUG CMakeFiles/cmTC_37b77.dir/src.c.o -o cmTC_37b77 
gmake[1]: Leaving directory '/home/ansh/Desktop/EC535/3DPrinterMonitor/PrinterRenderer/Ubuntu_Attempt/Test Codes/revision3/build/CMakeFiles/CMakeTmp'


===== END =====

Build output check failed:
    Regex: 'command[- ]line option .* is valid for .* but not for C'
    Output line: 'cc1: warning: command-line option ‘-fvisibility-inlines-hidden’ is valid for C++/ObjC++ but not for C'
Compilation failed:
    source file: '/home/ansh/Desktop/EC535/3DPrinterMonitor/PrinterRenderer/Ubuntu_Attempt/Test Codes/revision3/build/CMakeFiles/CMakeTmp/src.c'
    check option: ' -fsigned-char -W -Wall -Wreturn-type -Waddress -Wsequence-point -Wformat -Wformat-security -Wmissing-declarations -Wmissing-prototypes -Wstrict-prototypes -Wundef -Winit-self -Wpointer-arith -Wshadow -Wuninitialized -Wno-comment -Wimplicit-fallthrough=3 -Wno-strict-overflow -fdiagnostics-show-option -Wno-long-long -pthread -fomit-frame-pointer -ffunction-sections -fdata-sections  -msse -msse2 -msse3 -fvisibility=hidden  -fvisibility-inlines-hidden'
===== BUILD LOG =====
Change Dir: /home/ansh/Desktop/EC535/3DPrinterMonitor/PrinterRenderer/Ubuntu_Attempt/Test Codes/revision3/build/CMakeFiles/CMakeTmp

Run Build Command(s):/usr/bin/gmake -f Makefile cmTC_9782c/fast && /usr/bin/gmake  -f CMakeFiles/cmTC_9782c.dir/build.make CMakeFiles/cmTC_9782c.dir/build
gmake[1]: Entering directory '/home/ansh/Desktop/EC535/3DPrinterMonitor/PrinterRenderer/Ubuntu_Attempt/Test Codes/revision3/build/CMakeFiles/CMakeTmp'
Building C object CMakeFiles/cmTC_9782c.dir/src.c.o
/usr/bin/cc   -O3 -DNDEBUG -fPIE    -fsigned-char -W -Wall -Wreturn-type -Waddress -Wsequence-point -Wformat -Wformat-security -Wmissing-declarations -Wmissing-prototypes -Wstrict-prototypes -Wundef -Winit-self -Wpointer-arith -Wshadow -Wuninitialized -Wno-comment -Wimplicit-fallthrough=3 -Wno-strict-overflow -fdiagnostics-show-option -Wno-long-long -pthread -fomit-frame-pointer -ffunction-sections -fdata-sections  -msse -msse2 -msse3 -fvisibility=hidden  -fvisibility-inlines-hidden -o CMakeFiles/cmTC_9782c.dir/src.c.o -c "/home/ansh/Desktop/EC535/3DPrinterMonitor/PrinterRenderer/Ubuntu_Attempt/Test Codes/revision3/build/CMakeFiles/CMakeTmp/src.c"
cc1: warning: command-line option ‘-fvisibility-inlines-hidden’ is valid for C++/ObjC++ but not for C
/home/ansh/Desktop/EC535/3DPrinterMonitor/PrinterRenderer/Ubuntu_Attempt/Test Codes/revision3/build/CMakeFiles/CMakeTmp/src.c:1: warning: ignoring ‘#pragma  ’ [-Wunknown-pragmas]
    1 | #pragma
      | 
Linking C executable cmTC_9782c
/usr/bin/cmake -E cmake_link_script CMakeFiles/cmTC_9782c.dir/link.txt --verbose=1
/usr/bin/cc -O3 -DNDEBUG CMakeFiles/cmTC_9782c.dir/src.c.o -o cmTC_9782c 
gmake[1]: Leaving directory '/home/ansh/Desktop/EC535/3DPrinterMonitor/PrinterRenderer/Ubuntu_Attempt/Test Codes/revision3/build/CMakeFiles/CMakeTmp'


===== END =====

Build output check failed:
    Regex: 'unrecognized .*option'
    Output line: 'cc1: note: unrecognized command-line option ‘-Wno-shorten-64-to-32’ may have been intended to silence earlier diagnostics'
Compilation failed:
    source file: '/home/ansh/Desktop/EC535/3DPrinterMonitor/PrinterRenderer/Ubuntu_Attempt/Test Codes/revision3/build/CMakeFiles/CMakeTmp/src.c'
    check option: ' -Wno-shorten-64-to-32'
===== BUILD LOG =====
Change Dir: /home/ansh/Desktop/EC535/3DPrinterMonitor/PrinterRenderer/Ubuntu_Attempt/Test Codes/revision3/build/CMakeFiles/CMakeTmp

Run Build Command(s):/usr/bin/gmake -f Makefile cmTC_bf0b6/fast && /usr/bin/gmake  -f CMakeFiles/cmTC_bf0b6.dir/build.make CMakeFiles/cmTC_bf0b6.dir/build
gmake[1]: Entering directory '/home/ansh/Desktop/EC535/3DPrinterMonitor/PrinterRenderer/Ubuntu_Attempt/Test Codes/revision3/build/CMakeFiles/CMakeTmp'
Building C object CMakeFiles/cmTC_bf0b6.dir/src.c.o
/usr/bin/cc   -fsigned-char -W -Wall -Wreturn-type -Waddress -Wsequence-point -Wformat -Wformat-security -Wmissing-declarations -Wmissing-prototypes -Wstrict-prototypes -Wundef -Winit-self -Wpointer-arith -Wshadow -Wuninitialized -Wno-comment -Wimplicit-fallthrough=3 -Wno-strict-overflow -fdiagnostics-show-option -Wno-long-long -pthread -fomit-frame-pointer -ffunction-sections -fdata-sections  -msse -msse2 -msse3 -fvisibility=hidden -Wno-unused-parameter -Wno-sign-compare  -O3 -DNDEBUG  -DNDEBUG -fPIE    -Wno-shorten-64-to-32 -o CMakeFiles/cmTC_bf0b6.dir/src.c.o -c "/home/ansh/Desktop/EC535/3DPrinterMonitor/PrinterRenderer/Ubuntu_Attempt/Test Codes/revision3/build/CMakeFiles/CMakeTmp/src.c"
/home/ansh/Desktop/EC535/3DPrinterMonitor/PrinterRenderer/Ubuntu_Attempt/Test Codes/revision3/build/CMakeFiles/CMakeTmp/src.c:1: warning: ignoring ‘#pragma  ’ [-Wunknown-pragmas]
    1 | #pragma
      | 
cc1: note: unrecognized command-line option ‘-Wno-shorten-64-to-32’ may have been intended to silence earlier diagnostics
Linking C executable cmTC_bf0b6
/usr/bin/cmake -E cmake_link_script CMakeFiles/cmTC_bf0b6.dir/link.txt --verbose=1
/usr/bin/cc    -fsigned-char -W -Wall -Wreturn-type -Waddress -Wsequence-point -Wformat -Wformat-security -Wmissing-declarations -Wmissing-prototypes -Wstrict-prototypes -Wundef -Winit-self -Wpointer-arith -Wshadow -Wuninitialized -Wno-comment -Wimplicit-fallthrough=3 -Wno-strict-overflow -fdiagnostics-show-option -Wno-long-long -pthread -fomit-frame-pointer -ffunction-sections -fdata-sections  -msse -msse2 -msse3 -fvisibility=hidden -Wno-unused-parameter -Wno-sign-compare  -O3 -DNDEBUG  -DNDEBUG   -Wl,--gc-sections -Wl,--as-needed -Wl,--no-undefined  CMakeFiles/cmTC_bf0b6.dir/src.c.o -o cmTC_bf0b6 
gmake[1]: Leaving directory '/home/ansh/Desktop/EC535/3DPrinterMonitor/PrinterRenderer/Ubuntu_Attempt/Test Codes/revision3/build/CMakeFiles/CMakeTmp'


===== END =====

Looking for a ASM_NASM compiler failed with the following output:
-- The ASM_NASM compiler identification is unknown
-- Didn't find assembler
CMake Error at CMakeLists.txt:2 (project):
  No CMAKE_ASM_NASM_COMPILER could be found.

  Tell CMake where to find the compiler by setting either the environment
  variable "ASM_NASM" or the CMake cache entry CMAKE_ASM_NASM_COMPILER to the
  full path to the compiler, or to the compiler name if it is in the PATH.


-- Configuring incomplete, errors occurred!
See also "/home/ansh/Desktop/EC535/3DPrinterMonitor/PrinterRenderer/Ubuntu_Attempt/Test Codes/revision3/build/3rdparty/libjpeg-turbo/src/simd/CMakeFiles/CheckASM_NASM/CMakeFiles/CMakeOutput.log".
See also "/home/ansh/Desktop/EC535/3DPrinterMonitor/PrinterRenderer/Ubuntu_Attempt/Test Codes/revision3/build/3rdparty/libjpeg-turbo/src/simd/CMakeFiles/CheckASM_NASM/CMakeFiles/CMakeError.log".

Determining if the include file io.h exists failed with the following output:
Change Dir: /home/ansh/Desktop/EC535/3DPrinterMonitor/PrinterRenderer/Ubuntu_Attempt/Test Codes/revision3/build/CMakeFiles/CMakeTmp

Run Build Command(s):/usr/bin/gmake -f Makefile cmTC_f17d7/fast && /usr/bin/gmake  -f CMakeFiles/cmTC_f17d7.dir/build.make CMakeFiles/cmTC_f17d7.dir/build
gmake[1]: Entering directory '/home/ansh/Desktop/EC535/3DPrinterMonitor/PrinterRenderer/Ubuntu_Attempt/Test Codes/revision3/build/CMakeFiles/CMakeTmp'
Building C object CMakeFiles/cmTC_f17d7.dir/CheckIncludeFile.c.o
/usr/bin/cc   -fsigned-char -W -Wall -Wreturn-type -Waddress -Wsequence-point -Wformat -Wformat-security -Wmissing-declarations -Wmissing-prototypes -Wstrict-prototypes -Wundef -Winit-self -Wpointer-arith -Wshadow -Wuninitialized -Wno-comment -Wimplicit-fallthrough=3 -Wno-strict-overflow -fdiagnostics-show-option -Wno-long-long -pthread -fomit-frame-pointer -ffunction-sections -fdata-sections  -msse -msse2 -msse3 -fvisibility=hidden  -O3 -DNDEBUG  -DNDEBUG -fPIE -o CMakeFiles/cmTC_f17d7.dir/CheckIncludeFile.c.o -c "/home/ansh/Desktop/EC535/3DPrinterMonitor/PrinterRenderer/Ubuntu_Attempt/Test Codes/revision3/build/CMakeFiles/CMakeTmp/CheckIncludeFile.c"
/home/ansh/Desktop/EC535/3DPrinterMonitor/PrinterRenderer/Ubuntu_Attempt/Test Codes/revision3/build/CMakeFiles/CMakeTmp/CheckIncludeFile.c:1:10: fatal error: io.h: No such file or directory
    1 | #include <io.h>
      |          ^~~~~~
compilation terminated.
gmake[1]: *** [CMakeFiles/cmTC_f17d7.dir/build.make:78: CMakeFiles/cmTC_f17d7.dir/CheckIncludeFile.c.o] Error 1
gmake[1]: Leaving directory '/home/ansh/Desktop/EC535/3DPrinterMonitor/PrinterRenderer/Ubuntu_Attempt/Test Codes/revision3/build/CMakeFiles/CMakeTmp'
gmake: *** [Makefile:127: cmTC_f17d7/fast] Error 2



Determining size of INT8 failed with the following output:
Change Dir: /home/ansh/Desktop/EC535/3DPrinterMonitor/PrinterRenderer/Ubuntu_Attempt/Test Codes/revision3/build/CMakeFiles/CMakeTmp

Run Build Command(s):/usr/bin/gmake -f Makefile cmTC_e43a8/fast && /usr/bin/gmake  -f CMakeFiles/cmTC_e43a8.dir/build.make CMakeFiles/cmTC_e43a8.dir/build
gmake[1]: Entering directory '/home/ansh/Desktop/EC535/3DPrinterMonitor/PrinterRenderer/Ubuntu_Attempt/Test Codes/revision3/build/CMakeFiles/CMakeTmp'
Building C object CMakeFiles/cmTC_e43a8.dir/int8.c.o
/usr/bin/cc   -fsigned-char -W -Wall -Wreturn-type -Waddress -Wsequence-point -Wformat -Wformat-security -Wmissing-declarations -Wmissing-prototypes -Wstrict-prototypes -Wundef -Winit-self -Wpointer-arith -Wshadow -Wuninitialized -Wno-comment -Wimplicit-fallthrough=3 -Wno-strict-overflow -fdiagnostics-show-option -Wno-long-long -pthread -fomit-frame-pointer -ffunction-sections -fdata-sections  -msse -msse2 -msse3 -fvisibility=hidden  -O3 -DNDEBUG  -DNDEBUG -fPIE -o CMakeFiles/cmTC_e43a8.dir/int8.c.o -c "/home/ansh/Desktop/EC535/3DPrinterMonitor/PrinterRenderer/Ubuntu_Attempt/Test Codes/revision3/build/CMakeFiles/CheckTypeSize/int8.c"
/home/ansh/Desktop/EC535/3DPrinterMonitor/PrinterRenderer/Ubuntu_Attempt/Test Codes/revision3/build/CMakeFiles/CheckTypeSize/int8.c:27:22: error: ‘INT8’ undeclared here (not in a function); did you mean ‘INT8_C’?
   27 | #define SIZE (sizeof(INT8))
      |                      ^~~~
/home/ansh/Desktop/EC535/3DPrinterMonitor/PrinterRenderer/Ubuntu_Attempt/Test Codes/revision3/build/CMakeFiles/CheckTypeSize/int8.c:29:12: note: in expansion of macro ‘SIZE’
   29 |   ('0' + ((SIZE / 10000)%10)),
      |            ^~~~
gmake[1]: *** [CMakeFiles/cmTC_e43a8.dir/build.make:78: CMakeFiles/cmTC_e43a8.dir/int8.c.o] Error 1
gmake[1]: Leaving directory '/home/ansh/Desktop/EC535/3DPrinterMonitor/PrinterRenderer/Ubuntu_Attempt/Test Codes/revision3/build/CMakeFiles/CMakeTmp'
gmake: *** [Makefile:127: cmTC_e43a8/fast] Error 2


/home/ansh/Desktop/EC535/3DPrinterMonitor/PrinterRenderer/Ubuntu_Attempt/Test Codes/revision3/build/CMakeFiles/CheckTypeSize/int8.c:
#include <sys/types.h>
#include <stdint.h>
#include <stddef.h>


#undef KEY
#if defined(__i386)
# define KEY '_','_','i','3','8','6'
#elif defined(__x86_64)
# define KEY '_','_','x','8','6','_','6','4'
#elif defined(__PPC64__)
# define KEY '_','_','P','P','C','6','4','_','_'
#elif defined(__ppc64__)
# define KEY '_','_','p','p','c','6','4','_','_'
#elif defined(__PPC__)
# define KEY '_','_','P','P','C','_','_'
#elif defined(__ppc__)
# define KEY '_','_','p','p','c','_','_'
#elif defined(__aarch64__)
# define KEY '_','_','a','a','r','c','h','6','4','_','_'
#elif defined(__ARM_ARCH_7A__)
# define KEY '_','_','A','R','M','_','A','R','C','H','_','7','A','_','_'
#elif defined(__ARM_ARCH_7S__)
# define KEY '_','_','A','R','M','_','A','R','C','H','_','7','S','_','_'
#endif

#define SIZE (sizeof(INT8))
static char info_size[] =  {'I', 'N', 'F', 'O', ':', 's','i','z','e','[',
  ('0' + ((SIZE / 10000)%10)),
  ('0' + ((SIZE / 1000)%10)),
  ('0' + ((SIZE / 100)%10)),
  ('0' + ((SIZE / 10)%10)),
  ('0' +  (SIZE    % 10)),
  ']',
#ifdef KEY
  ' ','k','e','y','[', KEY, ']',
#endif
  '\0'};

#ifdef __CLASSIC_C__
int main(argc, argv) int argc; char *argv[];
#else
int main(int argc, char *argv[])
#endif
{
  int require = 0;
  require += info_size[argc];
  (void)argv;
  return require;
}


Determining size of INT16 failed with the following output:
Change Dir: /home/ansh/Desktop/EC535/3DPrinterMonitor/PrinterRenderer/Ubuntu_Attempt/Test Codes/revision3/build/CMakeFiles/CMakeTmp

Run Build Command(s):/usr/bin/gmake -f Makefile cmTC_8e280/fast && /usr/bin/gmake  -f CMakeFiles/cmTC_8e280.dir/build.make CMakeFiles/cmTC_8e280.dir/build
gmake[1]: Entering directory '/home/ansh/Desktop/EC535/3DPrinterMonitor/PrinterRenderer/Ubuntu_Attempt/Test Codes/revision3/build/CMakeFiles/CMakeTmp'
Building C object CMakeFiles/cmTC_8e280.dir/int16.c.o
/usr/bin/cc   -fsigned-char -W -Wall -Wreturn-type -Waddress -Wsequence-point -Wformat -Wformat-security -Wmissing-declarations -Wmissing-prototypes -Wstrict-prototypes -Wundef -Winit-self -Wpointer-arith -Wshadow -Wuninitialized -Wno-comment -Wimplicit-fallthrough=3 -Wno-strict-overflow -fdiagnostics-show-option -Wno-long-long -pthread -fomit-frame-pointer -ffunction-sections -fdata-sections  -msse -msse2 -msse3 -fvisibility=hidden  -O3 -DNDEBUG  -DNDEBUG -fPIE -o CMakeFiles/cmTC_8e280.dir/int16.c.o -c "/home/ansh/Desktop/EC535/3DPrinterMonitor/PrinterRenderer/Ubuntu_Attempt/Test Codes/revision3/build/CMakeFiles/CheckTypeSize/int16.c"
/home/ansh/Desktop/EC535/3DPrinterMonitor/PrinterRenderer/Ubuntu_Attempt/Test Codes/revision3/build/CMakeFiles/CheckTypeSize/int16.c:27:22: error: ‘INT16’ undeclared here (not in a function); did you mean ‘INT16_C’?
   27 | #define SIZE (sizeof(INT16))
      |                      ^~~~~
/home/ansh/Desktop/EC535/3DPrinterMonitor/PrinterRenderer/Ubuntu_Attempt/Test Codes/revision3/build/CMakeFiles/CheckTypeSize/int16.c:29:12: note: in expansion of macro ‘SIZE’
   29 |   ('0' + ((SIZE / 10000)%10)),
      |            ^~~~
gmake[1]: *** [CMakeFiles/cmTC_8e280.dir/build.make:78: CMakeFiles/cmTC_8e280.dir/int16.c.o] Error 1
gmake[1]: Leaving directory '/home/ansh/Desktop/EC535/3DPrinterMonitor/PrinterRenderer/Ubuntu_Attempt/Test Codes/revision3/build/CMakeFiles/CMakeTmp'
gmake: *** [Makefile:127: cmTC_8e280/fast] Error 2


/home/ansh/Desktop/EC535/3DPrinterMonitor/PrinterRenderer/Ubuntu_Attempt/Test Codes/revision3/build/CMakeFiles/CheckTypeSize/int16.c:
#include <sys/types.h>
#include <stdint.h>
#include <stddef.h>


#undef KEY
#if defined(__i386)
# define KEY '_','_','i','3','8','6'
#elif defined(__x86_64)
# define KEY '_','_','x','8','6','_','6','4'
#elif defined(__PPC64__)
# define KEY '_','_','P','P','C','6','4','_','_'
#elif defined(__ppc64__)
# define KEY '_','_','p','p','c','6','4','_','_'
#elif defined(__PPC__)
# define KEY '_','_','P','P','C','_','_'
#elif defined(__ppc__)
# define KEY '_','_','p','p','c','_','_'
#elif defined(__aarch64__)
# define KEY '_','_','a','a','r','c','h','6','4','_','_'
#elif defined(__ARM_ARCH_7A__)
# define KEY '_','_','A','R','M','_','A','R','C','H','_','7','A','_','_'
#elif defined(__ARM_ARCH_7S__)
# define KEY '_','_','A','R','M','_','A','R','C','H','_','7','S','_','_'
#endif

#define SIZE (sizeof(INT16))
static char info_size[] =  {'I', 'N', 'F', 'O', ':', 's','i','z','e','[',
  ('0' + ((SIZE / 10000)%10)),
  ('0' + ((SIZE / 1000)%10)),
  ('0' + ((SIZE / 100)%10)),
  ('0' + ((SIZE / 10)%10)),
  ('0' +  (SIZE    % 10)),
  ']',
#ifdef KEY
  ' ','k','e','y','[', KEY, ']',
#endif
  '\0'};

#ifdef __CLASSIC_C__
int main(argc, argv) int argc; char *argv[];
#else
int main(int argc, char *argv[])
#endif
{
  int require = 0;
  require += info_size[argc];
  (void)argv;
  return require;
}


Determining size of INT32 failed with the following output:
Change Dir: /home/ansh/Desktop/EC535/3DPrinterMonitor/PrinterRenderer/Ubuntu_Attempt/Test Codes/revision3/build/CMakeFiles/CMakeTmp

Run Build Command(s):/usr/bin/gmake -f Makefile cmTC_67150/fast && /usr/bin/gmake  -f CMakeFiles/cmTC_67150.dir/build.make CMakeFiles/cmTC_67150.dir/build
gmake[1]: Entering directory '/home/ansh/Desktop/EC535/3DPrinterMonitor/PrinterRenderer/Ubuntu_Attempt/Test Codes/revision3/build/CMakeFiles/CMakeTmp'
Building C object CMakeFiles/cmTC_67150.dir/int32.c.o
/usr/bin/cc   -fsigned-char -W -Wall -Wreturn-type -Waddress -Wsequence-point -Wformat -Wformat-security -Wmissing-declarations -Wmissing-prototypes -Wstrict-prototypes -Wundef -Winit-self -Wpointer-arith -Wshadow -Wuninitialized -Wno-comment -Wimplicit-fallthrough=3 -Wno-strict-overflow -fdiagnostics-show-option -Wno-long-long -pthread -fomit-frame-pointer -ffunction-sections -fdata-sections  -msse -msse2 -msse3 -fvisibility=hidden  -O3 -DNDEBUG  -DNDEBUG -fPIE -o CMakeFiles/cmTC_67150.dir/int32.c.o -c "/home/ansh/Desktop/EC535/3DPrinterMonitor/PrinterRenderer/Ubuntu_Attempt/Test Codes/revision3/build/CMakeFiles/CheckTypeSize/int32.c"
/home/ansh/Desktop/EC535/3DPrinterMonitor/PrinterRenderer/Ubuntu_Attempt/Test Codes/revision3/build/CMakeFiles/CheckTypeSize/int32.c:27:22: error: ‘INT32’ undeclared here (not in a function); did you mean ‘INT32_C’?
   27 | #define SIZE (sizeof(INT32))
      |                      ^~~~~
/home/ansh/Desktop/EC535/3DPrinterMonitor/PrinterRenderer/Ubuntu_Attempt/Test Codes/revision3/build/CMakeFiles/CheckTypeSize/int32.c:29:12: note: in expansion of macro ‘SIZE’
   29 |   ('0' + ((SIZE / 10000)%10)),
      |            ^~~~
gmake[1]: *** [CMakeFiles/cmTC_67150.dir/build.make:78: CMakeFiles/cmTC_67150.dir/int32.c.o] Error 1
gmake[1]: Leaving directory '/home/ansh/Desktop/EC535/3DPrinterMonitor/PrinterRenderer/Ubuntu_Attempt/Test Codes/revision3/build/CMakeFiles/CMakeTmp'
gmake: *** [Makefile:127: cmTC_67150/fast] Error 2


/home/ansh/Desktop/EC535/3DPrinterMonitor/PrinterRenderer/Ubuntu_Attempt/Test Codes/revision3/build/CMakeFiles/CheckTypeSize/int32.c:
#include <sys/types.h>
#include <stdint.h>
#include <stddef.h>


#undef KEY
#if defined(__i386)
# define KEY '_','_','i','3','8','6'
#elif defined(__x86_64)
# define KEY '_','_','x','8','6','_','6','4'
#elif defined(__PPC64__)
# define KEY '_','_','P','P','C','6','4','_','_'
#elif defined(__ppc64__)
# define KEY '_','_','p','p','c','6','4','_','_'
#elif defined(__PPC__)
# define KEY '_','_','P','P','C','_','_'
#elif defined(__ppc__)
# define KEY '_','_','p','p','c','_','_'
#elif defined(__aarch64__)
# define KEY '_','_','a','a','r','c','h','6','4','_','_'
#elif defined(__ARM_ARCH_7A__)
# define KEY '_','_','A','R','M','_','A','R','C','H','_','7','A','_','_'
#elif defined(__ARM_ARCH_7S__)
# define KEY '_','_','A','R','M','_','A','R','C','H','_','7','S','_','_'
#endif

#define SIZE (sizeof(INT32))
static char info_size[] =  {'I', 'N', 'F', 'O', ':', 's','i','z','e','[',
  ('0' + ((SIZE / 10000)%10)),
  ('0' + ((SIZE / 1000)%10)),
  ('0' + ((SIZE / 100)%10)),
  ('0' + ((SIZE / 10)%10)),
  ('0' +  (SIZE    % 10)),
  ']',
#ifdef KEY
  ' ','k','e','y','[', KEY, ']',
#endif
  '\0'};

#ifdef __CLASSIC_C__
int main(argc, argv) int argc; char *argv[];
#else
int main(int argc, char *argv[])
#endif
{
  int require = 0;
  require += info_size[argc];
  (void)argv;
  return require;
}


Determining if the function setmode exists failed with the following output:
Change Dir: /home/ansh/Desktop/EC535/3DPrinterMonitor/PrinterRenderer/Ubuntu_Attempt/Test Codes/revision3/build/CMakeFiles/CMakeTmp

Run Build Command(s):/usr/bin/gmake -f Makefile cmTC_c80ff/fast && /usr/bin/gmake  -f CMakeFiles/cmTC_c80ff.dir/build.make CMakeFiles/cmTC_c80ff.dir/build
gmake[1]: Entering directory '/home/ansh/Desktop/EC535/3DPrinterMonitor/PrinterRenderer/Ubuntu_Attempt/Test Codes/revision3/build/CMakeFiles/CMakeTmp'
Building C object CMakeFiles/cmTC_c80ff.dir/CheckFunctionExists.c.o
/usr/bin/cc   -fsigned-char -W -Wall -Wreturn-type -Waddress -Wsequence-point -Wformat -Wformat-security -Wmissing-declarations -Wmissing-prototypes -Wstrict-prototypes -Wundef -Winit-self -Wpointer-arith -Wshadow -Wuninitialized -Wno-comment -Wimplicit-fallthrough=3 -Wno-strict-overflow -fdiagnostics-show-option -Wno-long-long -pthread -fomit-frame-pointer -ffunction-sections -fdata-sections  -msse -msse2 -msse3 -fvisibility=hidden -DCHECK_FUNCTION_EXISTS=setmode -O3 -DNDEBUG  -DNDEBUG -fPIE -o CMakeFiles/cmTC_c80ff.dir/CheckFunctionExists.c.o -c /usr/share/cmake-3.22/Modules/CheckFunctionExists.c
Linking C executable cmTC_c80ff
/usr/bin/cmake -E cmake_link_script CMakeFiles/cmTC_c80ff.dir/link.txt --verbose=1
/usr/bin/cc    -fsigned-char -W -Wall -Wreturn-type -Waddress -Wsequence-point -Wformat -Wformat-security -Wmissing-declarations -Wmissing-prototypes -Wstrict-prototypes -Wundef -Winit-self -Wpointer-arith -Wshadow -Wuninitialized -Wno-comment -Wimplicit-fallthrough=3 -Wno-strict-overflow -fdiagnostics-show-option -Wno-long-long -pthread -fomit-frame-pointer -ffunction-sections -fdata-sections  -msse -msse2 -msse3 -fvisibility=hidden -DCHECK_FUNCTION_EXISTS=setmode -O3 -DNDEBUG  -DNDEBUG   -Wl,--gc-sections -Wl,--as-needed -Wl,--no-undefined  CMakeFiles/cmTC_c80ff.dir/CheckFunctionExists.c.o -o cmTC_c80ff 
/usr/bin/ld: CMakeFiles/cmTC_c80ff.dir/CheckFunctionExists.c.o: in function `main':
CheckFunctionExists.c:(.text.startup.main+0x10): undefined reference to `setmode'
collect2: error: ld returned 1 exit status
gmake[1]: *** [CMakeFiles/cmTC_c80ff.dir/build.make:99: cmTC_c80ff] Error 1
gmake[1]: Leaving directory '/home/ansh/Desktop/EC535/3DPrinterMonitor/PrinterRenderer/Ubuntu_Attempt/Test Codes/revision3/build/CMakeFiles/CMakeTmp'
gmake: *** [Makefile:127: cmTC_c80ff/fast] Error 2



Build output check failed:
    Regex: 'command[- ]line option .* is valid for .* but not for C\+\+'
    Output line: 'cc1plus: warning: command-line option ‘-Wno-missing-prototypes’ is valid for C/ObjC but not for C++'
Compilation failed:
    source file: '/home/ansh/Desktop/EC535/3DPrinterMonitor/PrinterRenderer/Ubuntu_Attempt/Test Codes/revision3/build/CMakeFiles/CMakeTmp/src.cxx'
    check option: ' -Wno-missing-prototypes'
===== BUILD LOG =====
Change Dir: /home/ansh/Desktop/EC535/3DPrinterMonitor/PrinterRenderer/Ubuntu_Attempt/Test Codes/revision3/build/CMakeFiles/CMakeTmp

Run Build Command(s):/usr/bin/gmake -f Makefile cmTC_64274/fast && /usr/bin/gmake  -f CMakeFiles/cmTC_64274.dir/build.make CMakeFiles/cmTC_64274.dir/build
gmake[1]: Entering directory '/home/ansh/Desktop/EC535/3DPrinterMonitor/PrinterRenderer/Ubuntu_Attempt/Test Codes/revision3/build/CMakeFiles/CMakeTmp'
Building CXX object CMakeFiles/cmTC_64274.dir/src.cxx.o
/usr/bin/c++   -fsigned-char -W -Wall -Wreturn-type -Wnon-virtual-dtor -Waddress -Wsequence-point -Wformat -Wformat-security -Wundef -Winit-self -Wpointer-arith -Wshadow -Wsign-promo -Wuninitialized -Wsuggest-override -Wno-delete-non-virtual-dtor -Wno-comment -Wimplicit-fallthrough=3 -Wno-strict-overflow -fdiagnostics-show-option -Wno-long-long -pthread -fomit-frame-pointer -ffunction-sections -fdata-sections  -msse -msse2 -msse3 -fvisibility=hidden -fvisibility-inlines-hidden -Wno-missing-declarations -Wno-unused-parameter  -O3 -DNDEBUG  -DNDEBUG -fPIE    -Wno-missing-prototypes -std=c++11 -o CMakeFiles/cmTC_64274.dir/src.cxx.o -c "/home/ansh/Desktop/EC535/3DPrinterMonitor/PrinterRenderer/Ubuntu_Attempt/Test Codes/revision3/build/CMakeFiles/CMakeTmp/src.cxx"
cc1plus: warning: command-line option ‘-Wno-missing-prototypes’ is valid for C/ObjC but not for C++
/home/ansh/Desktop/EC535/3DPrinterMonitor/PrinterRenderer/Ubuntu_Attempt/Test Codes/revision3/build/CMakeFiles/CMakeTmp/src.cxx:1: warning: ignoring ‘#pragma  ’ [-Wunknown-pragmas]
    1 | #pragma
      | 
Linking CXX executable cmTC_64274
/usr/bin/cmake -E cmake_link_script CMakeFiles/cmTC_64274.dir/link.txt --verbose=1
/usr/bin/c++    -fsigned-char -W -Wall -Wreturn-type -Wnon-virtual-dtor -Waddress -Wsequence-point -Wformat -Wformat-security -Wundef -Winit-self -Wpointer-arith -Wshadow -Wsign-promo -Wuninitialized -Wsuggest-override -Wno-delete-non-virtual-dtor -Wno-comment -Wimplicit-fallthrough=3 -Wno-strict-overflow -fdiagnostics-show-option -Wno-long-long -pthread -fomit-frame-pointer -ffunction-sections -fdata-sections  -msse -msse2 -msse3 -fvisibility=hidden -fvisibility-inlines-hidden -Wno-missing-declarations -Wno-unused-parameter  -O3 -DNDEBUG  -DNDEBUG   -Wl,--gc-sections -Wl,--as-needed -Wl,--no-undefined  CMakeFiles/cmTC_64274.dir/src.cxx.o -o cmTC_64274 
gmake[1]: Leaving directory '/home/ansh/Desktop/EC535/3DPrinterMonitor/PrinterRenderer/Ubuntu_Attempt/Test Codes/revision3/build/CMakeFiles/CMakeTmp'


===== END =====

Build output check failed:
    Regex: 'unrecognized .*option'
    Output line: 'cc1: note: unrecognized command-line option ‘-Wno-implicit-const-int-float-conversion’ may have been intended to silence earlier diagnostics'
Compilation failed:
    source file: '/home/ansh/Desktop/EC535/3DPrinterMonitor/PrinterRenderer/Ubuntu_Attempt/Test Codes/revision3/build/CMakeFiles/CMakeTmp/src.c'
    check option: ' -Wno-implicit-const-int-float-conversion'
===== BUILD LOG =====
Change Dir: /home/ansh/Desktop/EC535/3DPrinterMonitor/PrinterRenderer/Ubuntu_Attempt/Test Codes/revision3/build/CMakeFiles/CMakeTmp

Run Build Command(s):/usr/bin/gmake -f Makefile cmTC_6c6a3/fast && /usr/bin/gmake  -f CMakeFiles/cmTC_6c6a3.dir/build.make CMakeFiles/cmTC_6c6a3.dir/build
gmake[1]: Entering directory '/home/ansh/Desktop/EC535/3DPrinterMonitor/PrinterRenderer/Ubuntu_Attempt/Test Codes/revision3/build/CMakeFiles/CMakeTmp'
Building C object CMakeFiles/cmTC_6c6a3.dir/src.c.o
/usr/bin/cc   -fsigned-char -W -Wall -Wreturn-type -Waddress -Wsequence-point -Wformat -Wformat-security -Wmissing-declarations -Wmissing-prototypes -Wstrict-prototypes -Wundef -Winit-self -Wpointer-arith -Wshadow -Wuninitialized -Wno-comment -Wimplicit-fallthrough=3 -Wno-strict-overflow -fdiagnostics-show-option -Wno-long-long -pthread -fomit-frame-pointer -ffunction-sections -fdata-sections  -msse -msse2 -msse3 -fvisibility=hidden  -O3 -DNDEBUG  -DNDEBUG -fPIE    -Wno-implicit-const-int-float-conversion -o CMakeFiles/cmTC_6c6a3.dir/src.c.o -c "/home/ansh/Desktop/EC535/3DPrinterMonitor/PrinterRenderer/Ubuntu_Attempt/Test Codes/revision3/build/CMakeFiles/CMakeTmp/src.c"
/home/ansh/Desktop/EC535/3DPrinterMonitor/PrinterRenderer/Ubuntu_Attempt/Test Codes/revision3/build/CMakeFiles/CMakeTmp/src.c:1: warning: ignoring ‘#pragma  ’ [-Wunknown-pragmas]
    1 | #pragma
      | 
cc1: note: unrecognized command-line option ‘-Wno-implicit-const-int-float-conversion’ may have been intended to silence earlier diagnostics
Linking C executable cmTC_6c6a3
/usr/bin/cmake -E cmake_link_script CMakeFiles/cmTC_6c6a3.dir/link.txt --verbose=1
/usr/bin/cc    -fsigned-char -W -Wall -Wreturn-type -Waddress -Wsequence-point -Wformat -Wformat-security -Wmissing-declarations -Wmissing-prototypes -Wstrict-prototypes -Wundef -Winit-self -Wpointer-arith -Wshadow -Wuninitialized -Wno-comment -Wimplicit-fallthrough=3 -Wno-strict-overflow -fdiagnostics-show-option -Wno-long-long -pthread -fomit-frame-pointer -ffunction-sections -fdata-sections  -msse -msse2 -msse3 -fvisibility=hidden  -O3 -DNDEBUG  -DNDEBUG   -Wl,--gc-sections -Wl,--as-needed -Wl,--no-undefined  CMakeFiles/cmTC_6c6a3.dir/src.c.o -o cmTC_6c6a3 
gmake[1]: Leaving directory '/home/ansh/Desktop/EC535/3DPrinterMonitor/PrinterRenderer/Ubuntu_Attempt/Test Codes/revision3/build/CMakeFiles/CMakeTmp'


===== END =====

Build output check failed:
    Regex: 'unrecognized .*option'
    Output line: 'cc1: note: unrecognized command-line option ‘-Wno-documentation’ may have been intended to silence earlier diagnostics'
Compilation failed:
    source file: '/home/ansh/Desktop/EC535/3DPrinterMonitor/PrinterRenderer/Ubuntu_Attempt/Test Codes/revision3/build/CMakeFiles/CMakeTmp/src.c'
    check option: ' -Wno-documentation'
===== BUILD LOG =====
Change Dir: /home/ansh/Desktop/EC535/3DPrinterMonitor/PrinterRenderer/Ubuntu_Attempt/Test Codes/revision3/build/CMakeFiles/CMakeTmp

Run Build Command(s):/usr/bin/gmake -f Makefile cmTC_5eab9/fast && /usr/bin/gmake  -f CMakeFiles/cmTC_5eab9.dir/build.make CMakeFiles/cmTC_5eab9.dir/build
gmake[1]: Entering directory '/home/ansh/Desktop/EC535/3DPrinterMonitor/PrinterRenderer/Ubuntu_Attempt/Test Codes/revision3/build/CMakeFiles/CMakeTmp'
Building C object CMakeFiles/cmTC_5eab9.dir/src.c.o
/usr/bin/cc   -fsigned-char -W -Wall -Wreturn-type -Waddress -Wsequence-point -Wformat -Wformat-security -Wstrict-prototypes -Wundef -Winit-self -Wpointer-arith -Wshadow -Wuninitialized -Wno-comment -Wimplicit-fallthrough=3 -Wno-strict-overflow -fdiagnostics-show-option -Wno-long-long -pthread -fomit-frame-pointer -ffunction-sections -fdata-sections  -msse -msse2 -msse3 -fvisibility=hidden -Wno-unused-but-set-variable -Wno-missing-prototypes -Wno-missing-declarations  -O3 -DNDEBUG  -DNDEBUG -fPIE    -Wno-documentation -o CMakeFiles/cmTC_5eab9.dir/src.c.o -c "/home/ansh/Desktop/EC535/3DPrinterMonitor/PrinterRenderer/Ubuntu_Attempt/Test Codes/revision3/build/CMakeFiles/CMakeTmp/src.c"
/home/ansh/Desktop/EC535/3DPrinterMonitor/PrinterRenderer/Ubuntu_Attempt/Test Codes/revision3/build/CMakeFiles/CMakeTmp/src.c:1: warning: ignoring ‘#pragma  ’ [-Wunknown-pragmas]
    1 | #pragma
      | 
cc1: note: unrecognized command-line option ‘-Wno-documentation’ may have been intended to silence earlier diagnostics
Linking C executable cmTC_5eab9
/usr/bin/cmake -E cmake_link_script CMakeFiles/cmTC_5eab9.dir/link.txt --verbose=1
/usr/bin/cc    -fsigned-char -W -Wall -Wreturn-type -Waddress -Wsequence-point -Wformat -Wformat-security -Wstrict-prototypes -Wundef -Winit-self -Wpointer-arith -Wshadow -Wuninitialized -Wno-comment -Wimplicit-fallthrough=3 -Wno-strict-overflow -fdiagnostics-show-option -Wno-long-long -pthread -fomit-frame-pointer -ffunction-sections -fdata-sections  -msse -msse2 -msse3 -fvisibility=hidden -Wno-unused-but-set-variable -Wno-missing-prototypes -Wno-missing-declarations  -O3 -DNDEBUG  -DNDEBUG   -Wl,--gc-sections -Wl,--as-needed -Wl,--no-undefined  CMakeFiles/cmTC_5eab9.dir/src.c.o -o cmTC_5eab9 
gmake[1]: Leaving directory '/home/ansh/Desktop/EC535/3DPrinterMonitor/PrinterRenderer/Ubuntu_Attempt/Test Codes/revision3/build/CMakeFiles/CMakeTmp'


===== END =====

Determining if the _aligned_malloc exist failed with the following output:
Change Dir: /home/ansh/Desktop/EC535/3DPrinterMonitor/PrinterRenderer/Ubuntu_Attempt/Test Codes/revision3/build/CMakeFiles/CMakeTmp

Run Build Command(s):/usr/bin/gmake -f Makefile cmTC_d9d54/fast && /usr/bin/gmake  -f CMakeFiles/cmTC_d9d54.dir/build.make CMakeFiles/cmTC_d9d54.dir/build
gmake[1]: Entering directory '/home/ansh/Desktop/EC535/3DPrinterMonitor/PrinterRenderer/Ubuntu_Attempt/Test Codes/revision3/build/CMakeFiles/CMakeTmp'
Building C object CMakeFiles/cmTC_d9d54.dir/CheckSymbolExists.c.o
/usr/bin/cc   -fsigned-char -W -Wall -Wreturn-type -Waddress -Wsequence-point -Wformat -Wformat-security -Wstrict-prototypes -Wundef -Winit-self -Wpointer-arith -Wshadow -Wuninitialized -Wno-comment -Wimplicit-fallthrough=3 -Wno-strict-overflow -fdiagnostics-show-option -Wno-long-long -pthread -fomit-frame-pointer -ffunction-sections -fdata-sections  -msse -msse2 -msse3 -fvisibility=hidden -Wno-unused-but-set-variable -Wno-missing-prototypes -Wno-missing-declarations  -O3 -DNDEBUG  -DNDEBUG -fPIE -o CMakeFiles/cmTC_d9d54.dir/CheckSymbolExists.c.o -c "/home/ansh/Desktop/EC535/3DPrinterMonitor/PrinterRenderer/Ubuntu_Attempt/Test Codes/revision3/build/CMakeFiles/CMakeTmp/CheckSymbolExists.c"
/home/ansh/Desktop/EC535/3DPrinterMonitor/PrinterRenderer/Ubuntu_Attempt/Test Codes/revision3/build/CMakeFiles/CMakeTmp/CheckSymbolExists.c: In function ‘main’:
/home/ansh/Desktop/EC535/3DPrinterMonitor/PrinterRenderer/Ubuntu_Attempt/Test Codes/revision3/build/CMakeFiles/CMakeTmp/CheckSymbolExists.c:8:19: error: ‘_aligned_malloc’ undeclared (first use in this function)
    8 |   return ((int*)(&_aligned_malloc))[argc];
      |                   ^~~~~~~~~~~~~~~
/home/ansh/Desktop/EC535/3DPrinterMonitor/PrinterRenderer/Ubuntu_Attempt/Test Codes/revision3/build/CMakeFiles/CMakeTmp/CheckSymbolExists.c:8:19: note: each undeclared identifier is reported only once for each function it appears in
/home/ansh/Desktop/EC535/3DPrinterMonitor/PrinterRenderer/Ubuntu_Attempt/Test Codes/revision3/build/CMakeFiles/CMakeTmp/CheckSymbolExists.c:4:14: warning: parameter ‘argc’ set but not used [-Wunused-but-set-parameter]
    4 | int main(int argc, char** argv)
      |          ~~~~^~~~
gmake[1]: *** [CMakeFiles/cmTC_d9d54.dir/build.make:78: CMakeFiles/cmTC_d9d54.dir/CheckSymbolExists.c.o] Error 1
gmake[1]: Leaving directory '/home/ansh/Desktop/EC535/3DPrinterMonitor/PrinterRenderer/Ubuntu_Attempt/Test Codes/revision3/build/CMakeFiles/CMakeTmp'
gmake: *** [Makefile:127: cmTC_d9d54/fast] Error 2


File /home/ansh/Desktop/EC535/3DPrinterMonitor/PrinterRenderer/Ubuntu_Attempt/Test Codes/revision3/build/CMakeFiles/CMakeTmp/CheckSymbolExists.c:
/* */
#include <malloc.h>

int main(int argc, char** argv)
{
  (void)argv;
#ifndef _aligned_malloc
  return ((int*)(&_aligned_malloc))[argc];
#else
  (void)argc;
  return 0;
#endif
}
Build output check failed:
    Regex: 'unrecognized .*option'
    Output line: 'cc1: note: unrecognized command-line option ‘-Wno-null-pointer-subtraction’ may have been intended to silence earlier diagnostics'
Compilation failed:
    source file: '/home/ansh/Desktop/EC535/3DPrinterMonitor/PrinterRenderer/Ubuntu_Attempt/Test Codes/revision3/build/CMakeFiles/CMakeTmp/src.c'
    check option: ' -Wno-null-pointer-subtraction'
===== BUILD LOG =====
Change Dir: /home/ansh/Desktop/EC535/3DPrinterMonitor/PrinterRenderer/Ubuntu_Attempt/Test Codes/revision3/build/CMakeFiles/CMakeTmp

Run Build Command(s):/usr/bin/gmake -f Makefile cmTC_2c7dc/fast && /usr/bin/gmake  -f CMakeFiles/cmTC_2c7dc.dir/build.make CMakeFiles/cmTC_2c7dc.dir/build
gmake[1]: Entering directory '/home/ansh/Desktop/EC535/3DPrinterMonitor/PrinterRenderer/Ubuntu_Attempt/Test Codes/revision3/build/CMakeFiles/CMakeTmp'
Building C object CMakeFiles/cmTC_2c7dc.dir/src.c.o
/usr/bin/cc   -fsigned-char -W -Wall -Wreturn-type -Waddress -Wsequence-point -Wformat -Wformat-security -Wmissing-declarations -Wmissing-prototypes -Wstrict-prototypes -Winit-self -Wpointer-arith -Wshadow -Wuninitialized -Wno-comment -Wno-strict-overflow -fdiagnostics-show-option -Wno-long-long -pthread -fomit-frame-pointer -ffunction-sections -fdata-sections  -msse -msse2 -msse3 -fvisibility=hidden -Wno-undef -Wno-cast-align -Wno-implicit-fallthrough -Wno-unused-parameter -Wno-sign-compare -Wno-maybe-uninitialized  -O3 -DNDEBUG  -DNDEBUG -fPIE    -Wno-null-pointer-subtraction -o CMakeFiles/cmTC_2c7dc.dir/src.c.o -c "/home/ansh/Desktop/EC535/3DPrinterMonitor/PrinterRenderer/Ubuntu_Attempt/Test Codes/revision3/build/CMakeFiles/CMakeTmp/src.c"
/home/ansh/Desktop/EC535/3DPrinterMonitor/PrinterRenderer/Ubuntu_Attempt/Test Codes/revision3/build/CMakeFiles/CMakeTmp/src.c:1: warning: ignoring ‘#pragma  ’ [-Wunknown-pragmas]
    1 | #pragma
      | 
cc1: note: unrecognized command-line option ‘-Wno-null-pointer-subtraction’ may have been intended to silence earlier diagnostics
Linking C executable cmTC_2c7dc
/usr/bin/cmake -E cmake_link_script CMakeFiles/cmTC_2c7dc.dir/link.txt --verbose=1
/usr/bin/cc    -fsigned-char -W -Wall -Wreturn-type -Waddress -Wsequence-point -Wformat -Wformat-security -Wmissing-declarations -Wmissing-prototypes -Wstrict-prototypes -Winit-self -Wpointer-arith -Wshadow -Wuninitialized -Wno-comment -Wno-strict-overflow -fdiagnostics-show-option -Wno-long-long -pthread -fomit-frame-pointer -ffunction-sections -fdata-sections  -msse -msse2 -msse3 -fvisibility=hidden -Wno-undef -Wno-cast-align -Wno-implicit-fallthrough -Wno-unused-parameter -Wno-sign-compare -Wno-maybe-uninitialized  -O3 -DNDEBUG  -DNDEBUG   -Wl,--gc-sections -Wl,--as-needed -Wl,--no-undefined  CMakeFiles/cmTC_2c7dc.dir/src.c.o -o cmTC_2c7dc 
gmake[1]: Leaving directory '/home/ansh/Desktop/EC535/3DPrinterMonitor/PrinterRenderer/Ubuntu_Attempt/Test Codes/revision3/build/CMakeFiles/CMakeTmp'


===== END =====

Build output check failed:
    Regex: 'unrecognized .*option'
    Output line: 'cc1plus: note: unrecognized command-line option ‘-Wno-inconsistent-missing-override’ may have been intended to silence earlier diagnostics'
Compilation failed:
    source file: '/home/ansh/Desktop/EC535/3DPrinterMonitor/PrinterRenderer/Ubuntu_Attempt/Test Codes/revision3/build/CMakeFiles/CMakeTmp/src.cxx'
    check option: ' -Wno-inconsistent-missing-override'
===== BUILD LOG =====
Change Dir: /home/ansh/Desktop/EC535/3DPrinterMonitor/PrinterRenderer/Ubuntu_Attempt/Test Codes/revision3/build/CMakeFiles/CMakeTmp

Run Build Command(s):/usr/bin/gmake -f Makefile cmTC_f918e/fast && /usr/bin/gmake  -f CMakeFiles/cmTC_f918e.dir/build.make CMakeFiles/cmTC_f918e.dir/build
gmake[1]: Entering directory '/home/ansh/Desktop/EC535/3DPrinterMonitor/PrinterRenderer/Ubuntu_Attempt/Test Codes/revision3/build/CMakeFiles/CMakeTmp'
Building CXX object CMakeFiles/cmTC_f918e.dir/src.cxx.o
/usr/bin/c++   -fsigned-char -W -Wall -Wreturn-type -Wnon-virtual-dtor -Waddress -Wsequence-point -Wformat -Wformat-security -Winit-self -Wpointer-arith -Wsign-promo -Wno-delete-non-virtual-dtor -Wno-comment -Wimplicit-fallthrough=3 -Wno-strict-overflow -fdiagnostics-show-option -Wno-long-long -pthread -fomit-frame-pointer -ffunction-sections -fdata-sections  -msse -msse2 -msse3 -fvisibility=hidden -fvisibility-inlines-hidden -Wno-shadow -Wno-unused -Wno-sign-compare -Wno-undef -Wno-missing-declarations -Wno-uninitialized -Wno-switch -Wno-parentheses -Wno-array-bounds -Wno-extra -Wno-deprecated-declarations -Wno-misleading-indentation -Wno-deprecated -Wno-suggest-override  -O3 -DNDEBUG  -DNDEBUG -fPIE    -Wno-inconsistent-missing-override -std=c++11 -o CMakeFiles/cmTC_f918e.dir/src.cxx.o -c "/home/ansh/Desktop/EC535/3DPrinterMonitor/PrinterRenderer/Ubuntu_Attempt/Test Codes/revision3/build/CMakeFiles/CMakeTmp/src.cxx"
/home/ansh/Desktop/EC535/3DPrinterMonitor/PrinterRenderer/Ubuntu_Attempt/Test Codes/revision3/build/CMakeFiles/CMakeTmp/src.cxx:1: warning: ignoring ‘#pragma  ’ [-Wunknown-pragmas]
    1 | #pragma
      | 
cc1plus: note: unrecognized command-line option ‘-Wno-inconsistent-missing-override’ may have been intended to silence earlier diagnostics
Linking CXX executable cmTC_f918e
/usr/bin/cmake -E cmake_link_script CMakeFiles/cmTC_f918e.dir/link.txt --verbose=1
/usr/bin/c++    -fsigned-char -W -Wall -Wreturn-type -Wnon-virtual-dtor -Waddress -Wsequence-point -Wformat -Wformat-security -Winit-self -Wpointer-arith -Wsign-promo -Wno-delete-non-virtual-dtor -Wno-comment -Wimplicit-fallthrough=3 -Wno-strict-overflow -fdiagnostics-show-option -Wno-long-long -pthread -fomit-frame-pointer -ffunction-sections -fdata-sections  -msse -msse2 -msse3 -fvisibility=hidden -fvisibility-inlines-hidden -Wno-shadow -Wno-unused -Wno-sign-compare -Wno-undef -Wno-missing-declarations -Wno-uninitialized -Wno-switch -Wno-parentheses -Wno-array-bounds -Wno-extra -Wno-deprecated-declarations -Wno-misleading-indentation -Wno-deprecated -Wno-suggest-override  -O3 -DNDEBUG  -DNDEBUG   -Wl,--gc-sections -Wl,--as-needed -Wl,--no-undefined  CMakeFiles/cmTC_f918e.dir/src.cxx.o -o cmTC_f918e 
gmake[1]: Leaving directory '/home/ansh/Desktop/EC535/3DPrinterMonitor/PrinterRenderer/Ubuntu_Attempt/Test Codes/revision3/build/CMakeFiles/CMakeTmp'


===== END =====

Build output check failed:
    Regex: 'unrecognized .*option'
    Output line: 'cc1plus: note: unrecognized command-line option ‘-Wno-implicit-const-int-float-conversion’ may have been intended to silence earlier diagnostics'
Compilation failed:
    source file: '/home/ansh/Desktop/EC535/3DPrinterMonitor/PrinterRenderer/Ubuntu_Attempt/Test Codes/revision3/build/CMakeFiles/CMakeTmp/src.cxx'
    check option: ' -Wno-implicit-const-int-float-conversion'
===== BUILD LOG =====
Change Dir: /home/ansh/Desktop/EC535/3DPrinterMonitor/PrinterRenderer/Ubuntu_Attempt/Test Codes/revision3/build/CMakeFiles/CMakeTmp

Run Build Command(s):/usr/bin/gmake -f Makefile cmTC_4ed7a/fast && /usr/bin/gmake  -f CMakeFiles/cmTC_4ed7a.dir/build.make CMakeFiles/cmTC_4ed7a.dir/build
gmake[1]: Entering directory '/home/ansh/Desktop/EC535/3DPrinterMonitor/PrinterRenderer/Ubuntu_Attempt/Test Codes/revision3/build/CMakeFiles/CMakeTmp'
Building CXX object CMakeFiles/cmTC_4ed7a.dir/src.cxx.o
/usr/bin/c++   -fsigned-char -W -Wall -Wreturn-type -Wnon-virtual-dtor -Waddress -Wsequence-point -Wformat -Wformat-security -Winit-self -Wpointer-arith -Wsign-promo -Wno-delete-non-virtual-dtor -Wno-comment -Wno-strict-overflow -fdiagnostics-show-option -Wno-long-long -pthread -fomit-frame-pointer -ffunction-sections -fdata-sections  -msse -msse2 -msse3 -fvisibility=hidden -fvisibility-inlines-hidden -Wno-shadow -Wno-unused -Wno-sign-compare -Wno-undef -Wno-missing-declarations -Wno-uninitialized -Wno-switch -Wno-parentheses -Wno-array-bounds -Wno-extra -Wno-deprecated-declarations -Wno-misleading-indentation -Wno-deprecated -Wno-suggest-override -Wno-implicit-fallthrough -Wno-tautological-compare -Wno-reorder -Wno-unused-result  -O3 -DNDEBUG  -DNDEBUG -fPIE    -Wno-implicit-const-int-float-conversion -std=c++11 -o CMakeFiles/cmTC_4ed7a.dir/src.cxx.o -c "/home/ansh/Desktop/EC535/3DPrinterMonitor/PrinterRenderer/Ubuntu_Attempt/Test Codes/revision3/build/CMakeFiles/CMakeTmp/src.cxx"
/home/ansh/Desktop/EC535/3DPrinterMonitor/PrinterRenderer/Ubuntu_Attempt/Test Codes/revision3/build/CMakeFiles/CMakeTmp/src.cxx:1: warning: ignoring ‘#pragma  ’ [-Wunknown-pragmas]
    1 | #pragma
      | 
cc1plus: note: unrecognized command-line option ‘-Wno-implicit-const-int-float-conversion’ may have been intended to silence earlier diagnostics
Linking CXX executable cmTC_4ed7a
/usr/bin/cmake -E cmake_link_script CMakeFiles/cmTC_4ed7a.dir/link.txt --verbose=1
/usr/bin/c++    -fsigned-char -W -Wall -Wreturn-type -Wnon-virtual-dtor -Waddress -Wsequence-point -Wformat -Wformat-security -Winit-self -Wpointer-arith -Wsign-promo -Wno-delete-non-virtual-dtor -Wno-comment -Wno-strict-overflow -fdiagnostics-show-option -Wno-long-long -pthread -fomit-frame-pointer -ffunction-sections -fdata-sections  -msse -msse2 -msse3 -fvisibility=hidden -fvisibility-inlines-hidden -Wno-shadow -Wno-unused -Wno-sign-compare -Wno-undef -Wno-missing-declarations -Wno-uninitialized -Wno-switch -Wno-parentheses -Wno-array-bounds -Wno-extra -Wno-deprecated-declarations -Wno-misleading-indentation -Wno-deprecated -Wno-suggest-override -Wno-implicit-fallthrough -Wno-tautological-compare -Wno-reorder -Wno-unused-result  -O3 -DNDEBUG  -DNDEBUG   -Wl,--gc-sections -Wl,--as-needed -Wl,--no-undefined  CMakeFiles/cmTC_4ed7a.dir/src.cxx.o -o cmTC_4ed7a 
gmake[1]: Leaving directory '/home/ansh/Desktop/EC535/3DPrinterMonitor/PrinterRenderer/Ubuntu_Attempt/Test Codes/revision3/build/CMakeFiles/CMakeTmp'


===== END =====

Determining if the function sgemm_ exists failed with the following output:
Change Dir: /home/ansh/Desktop/EC535/3DPrinterMonitor/PrinterRenderer/Ubuntu_Attempt/Test Codes/revision3/build/CMakeFiles/CMakeTmp

Run Build Command(s):/usr/bin/gmake -f Makefile cmTC_faf14/fast && /usr/bin/gmake  -f CMakeFiles/cmTC_faf14.dir/build.make CMakeFiles/cmTC_faf14.dir/build
gmake[1]: Entering directory '/home/ansh/Desktop/EC535/3DPrinterMonitor/PrinterRenderer/Ubuntu_Attempt/Test Codes/revision3/build/CMakeFiles/CMakeTmp'
Building C object CMakeFiles/cmTC_faf14.dir/CheckFunctionExists.c.o
/usr/bin/cc   -fsigned-char -W -Wall -Wreturn-type -Waddress -Wsequence-point -Wformat -Wformat-security -Wmissing-declarations -Wmissing-prototypes -Wstrict-prototypes -Wundef -Winit-self -Wpointer-arith -Wshadow -Wuninitialized -Wno-comment -Wimplicit-fallthrough=3 -Wno-strict-overflow -fdiagnostics-show-option -Wno-long-long -pthread -fomit-frame-pointer -ffunction-sections -fdata-sections  -msse -msse2 -msse3 -fvisibility=hidden -DCHECK_FUNCTION_EXISTS=sgemm_ -O3 -DNDEBUG  -DNDEBUG -fPIE -o CMakeFiles/cmTC_faf14.dir/CheckFunctionExists.c.o -c /usr/share/cmake-3.22/Modules/CheckFunctionExists.c
Linking C executable cmTC_faf14
/usr/bin/cmake -E cmake_link_script CMakeFiles/cmTC_faf14.dir/link.txt --verbose=1
/usr/bin/cc    -fsigned-char -W -Wall -Wreturn-type -Waddress -Wsequence-point -Wformat -Wformat-security -Wmissing-declarations -Wmissing-prototypes -Wstrict-prototypes -Wundef -Winit-self -Wpointer-arith -Wshadow -Wuninitialized -Wno-comment -Wimplicit-fallthrough=3 -Wno-strict-overflow -fdiagnostics-show-option -Wno-long-long -pthread -fomit-frame-pointer -ffunction-sections -fdata-sections  -msse -msse2 -msse3 -fvisibility=hidden -DCHECK_FUNCTION_EXISTS=sgemm_ -O3 -DNDEBUG  -DNDEBUG   -Wl,--gc-sections -Wl,--as-needed -Wl,--no-undefined  CMakeFiles/cmTC_faf14.dir/CheckFunctionExists.c.o -o cmTC_faf14 
/usr/bin/ld: CMakeFiles/cmTC_faf14.dir/CheckFunctionExists.c.o: in function `main':
CheckFunctionExists.c:(.text.startup.main+0x10): undefined reference to `sgemm_'
collect2: error: ld returned 1 exit status
gmake[1]: *** [CMakeFiles/cmTC_faf14.dir/build.make:99: cmTC_faf14] Error 1
gmake[1]: Leaving directory '/home/ansh/Desktop/EC535/3DPrinterMonitor/PrinterRenderer/Ubuntu_Attempt/Test Codes/revision3/build/CMakeFiles/CMakeTmp'
gmake: *** [Makefile:127: cmTC_faf14/fast] Error 2



Build output check failed:
    Regex: 'unrecognized .*option'
    Output line: 'cc1plus: note: unrecognized command-line option ‘-Wno-tautological-undefined-compare’ may have been intended to silence earlier diagnostics'
Compilation failed:
    source file: '/home/ansh/Desktop/EC535/3DPrinterMonitor/PrinterRenderer/Ubuntu_Attempt/Test Codes/revision3/build/CMakeFiles/CMakeTmp/src.cxx'
    check option: ' -Wno-tautological-undefined-compare'
===== BUILD LOG =====
Change Dir: /home/ansh/Desktop/EC535/3DPrinterMonitor/PrinterRenderer/Ubuntu_Attempt/Test Codes/revision3/build/CMakeFiles/CMakeTmp

Run Build Command(s):/usr/bin/gmake -f Makefile cmTC_7100c/fast && /usr/bin/gmake  -f CMakeFiles/cmTC_7100c.dir/build.make CMakeFiles/cmTC_7100c.dir/build
gmake[1]: Entering directory '/home/ansh/Desktop/EC535/3DPrinterMonitor/PrinterRenderer/Ubuntu_Attempt/Test Codes/revision3/build/CMakeFiles/CMakeTmp'
Building CXX object CMakeFiles/cmTC_7100c.dir/src.cxx.o
/usr/bin/c++   -fsigned-char -W -Wall -Wreturn-type -Wnon-virtual-dtor -Waddress -Wsequence-point -Wformat -Wformat-security -Winit-self -Wpointer-arith -Wuninitialized -Wsuggest-override -Wno-delete-non-virtual-dtor -Wno-comment -Wimplicit-fallthrough=3 -Wno-strict-overflow -fdiagnostics-show-option -Wno-long-long -pthread -fomit-frame-pointer -ffunction-sections -fdata-sections  -msse -msse2 -msse3 -fvisibility=hidden -fvisibility-inlines-hidden -Wno-deprecated -Wno-missing-declarations -Wno-shadow -Wno-unused-parameter -Wno-unused-local-typedefs -Wno-sign-compare -Wno-sign-promo -Wno-undef  -O3 -DNDEBUG  -DNDEBUG -fPIE    -Wno-tautological-undefined-compare -std=c++11 -o CMakeFiles/cmTC_7100c.dir/src.cxx.o -c "/home/ansh/Desktop/EC535/3DPrinterMonitor/PrinterRenderer/Ubuntu_Attempt/Test Codes/revision3/build/CMakeFiles/CMakeTmp/src.cxx"
/home/ansh/Desktop/EC535/3DPrinterMonitor/PrinterRenderer/Ubuntu_Attempt/Test Codes/revision3/build/CMakeFiles/CMakeTmp/src.cxx:1: warning: ignoring ‘#pragma  ’ [-Wunknown-pragmas]
    1 | #pragma
      | 
cc1plus: note: unrecognized command-line option ‘-Wno-tautological-undefined-compare’ may have been intended to silence earlier diagnostics
Linking CXX executable cmTC_7100c
/usr/bin/cmake -E cmake_link_script CMakeFiles/cmTC_7100c.dir/link.txt --verbose=1
/usr/bin/c++    -fsigned-char -W -Wall -Wreturn-type -Wnon-virtual-dtor -Waddress -Wsequence-point -Wformat -Wformat-security -Winit-self -Wpointer-arith -Wuninitialized -Wsuggest-override -Wno-delete-non-virtual-dtor -Wno-comment -Wimplicit-fallthrough=3 -Wno-strict-overflow -fdiagnostics-show-option -Wno-long-long -pthread -fomit-frame-pointer -ffunction-sections -fdata-sections  -msse -msse2 -msse3 -fvisibility=hidden -fvisibility-inlines-hidden -Wno-deprecated -Wno-missing-declarations -Wno-shadow -Wno-unused-parameter -Wno-unused-local-typedefs -Wno-sign-compare -Wno-sign-promo -Wno-undef  -O3 -DNDEBUG  -DNDEBUG   -Wl,--gc-sections -Wl,--as-needed -Wl,--no-undefined  CMakeFiles/cmTC_7100c.dir/src.cxx.o -o cmTC_7100c 
gmake[1]: Leaving directory '/home/ansh/Desktop/EC535/3DPrinterMonitor/PrinterRenderer/Ubuntu_Attempt/Test Codes/revision3/build/CMakeFiles/CMakeTmp'


===== END =====

Build output check failed:
    Regex: 'unrecognized .*option'
    Output line: 'cc1plus: note: unrecognized command-line option ‘-Wno-shorten-64-to-32’ may have been intended to silence earlier diagnostics'
Compilation failed:
    source file: '/home/ansh/Desktop/EC535/3DPrinterMonitor/PrinterRenderer/Ubuntu_Attempt/Test Codes/revision3/build/CMakeFiles/CMakeTmp/src.cxx'
    check option: ' -Wno-shorten-64-to-32'
===== BUILD LOG =====
Change Dir: /home/ansh/Desktop/EC535/3DPrinterMonitor/PrinterRenderer/Ubuntu_Attempt/Test Codes/revision3/build/CMakeFiles/CMakeTmp

Run Build Command(s):/usr/bin/gmake -f Makefile cmTC_c0c64/fast && /usr/bin/gmake  -f CMakeFiles/cmTC_c0c64.dir/build.make CMakeFiles/cmTC_c0c64.dir/build
gmake[1]: Entering directory '/home/ansh/Desktop/EC535/3DPrinterMonitor/PrinterRenderer/Ubuntu_Attempt/Test Codes/revision3/build/CMakeFiles/CMakeTmp'
Building CXX object CMakeFiles/cmTC_c0c64.dir/src.cxx.o
/usr/bin/c++   -fsigned-char -W -Wall -Wreturn-type -Wnon-virtual-dtor -Waddress -Wsequence-point -Wformat -Wformat-security -Winit-self -Wpointer-arith -Wuninitialized -Wsuggest-override -Wno-delete-non-virtual-dtor -Wno-comment -Wimplicit-fallthrough=3 -Wno-strict-overflow -fdiagnostics-show-option -Wno-long-long -pthread -fomit-frame-pointer -ffunction-sections -fdata-sections  -msse -msse2 -msse3 -fvisibility=hidden -fvisibility-inlines-hidden -Wno-deprecated -Wno-missing-declarations -Wno-shadow -Wno-unused-parameter -Wno-unused-local-typedefs -Wno-sign-compare -Wno-sign-promo -Wno-undef -Wno-ignored-qualifiers -Wno-extra -Wno-unused-function -Wno-unused-const-variable  -O3 -DNDEBUG  -DNDEBUG -fPIE    -Wno-shorten-64-to-32 -std=c++11 -o CMakeFiles/cmTC_c0c64.dir/src.cxx.o -c "/home/ansh/Desktop/EC535/3DPrinterMonitor/PrinterRenderer/Ubuntu_Attempt/Test Codes/revision3/build/CMakeFiles/CMakeTmp/src.cxx"
/home/ansh/Desktop/EC535/3DPrinterMonitor/PrinterRenderer/Ubuntu_Attempt/Test Codes/revision3/build/CMakeFiles/CMakeTmp/src.cxx:1: warning: ignoring ‘#pragma  ’ [-Wunknown-pragmas]
    1 | #pragma
      | 
cc1plus: note: unrecognized command-line option ‘-Wno-shorten-64-to-32’ may have been intended to silence earlier diagnostics
Linking CXX executable cmTC_c0c64
/usr/bin/cmake -E cmake_link_script CMakeFiles/cmTC_c0c64.dir/link.txt --verbose=1
/usr/bin/c++    -fsigned-char -W -Wall -Wreturn-type -Wnon-virtual-dtor -Waddress -Wsequence-point -Wformat -Wformat-security -Winit-self -Wpointer-arith -Wuninitialized -Wsuggest-override -Wno-delete-non-virtual-dtor -Wno-comment -Wimplicit-fallthrough=3 -Wno-strict-overflow -fdiagnostics-show-option -Wno-long-long -pthread -fomit-frame-pointer -ffunction-sections -fdata-sections  -msse -msse2 -msse3 -fvisibility=hidden -fvisibility-inlines-hidden -Wno-deprecated -Wno-missing-declarations -Wno-shadow -Wno-unused-parameter -Wno-unused-local-typedefs -Wno-sign-compare -Wno-sign-promo -Wno-undef -Wno-ignored-qualifiers -Wno-extra -Wno-unused-function -Wno-unused-const-variable  -O3 -DNDEBUG  -DNDEBUG   -Wl,--gc-sections -Wl,--as-needed -Wl,--no-undefined  CMakeFiles/cmTC_c0c64.dir/src.cxx.o -o cmTC_c0c64 
gmake[1]: Leaving directory '/home/ansh/Desktop/EC535/3DPrinterMonitor/PrinterRenderer/Ubuntu_Attempt/Test Codes/revision3/build/CMakeFiles/CMakeTmp'


===== END =====

Build output check failed:
    Regex: 'unrecognized .*option'
    Output line: 'cc1plus: note: unrecognized command-line option ‘-Wno-enum-compare-switch’ may have been intended to silence earlier diagnostics'
Compilation failed:
    source file: '/home/ansh/Desktop/EC535/3DPrinterMonitor/PrinterRenderer/Ubuntu_Attempt/Test Codes/revision3/build/CMakeFiles/CMakeTmp/src.cxx'
    check option: ' -Wno-enum-compare-switch'
===== BUILD LOG =====
Change Dir: /home/ansh/Desktop/EC535/3DPrinterMonitor/PrinterRenderer/Ubuntu_Attempt/Test Codes/revision3/build/CMakeFiles/CMakeTmp

Run Build Command(s):/usr/bin/gmake -f Makefile cmTC_ef4c0/fast && /usr/bin/gmake  -f CMakeFiles/cmTC_ef4c0.dir/build.make CMakeFiles/cmTC_ef4c0.dir/build
gmake[1]: Entering directory '/home/ansh/Desktop/EC535/3DPrinterMonitor/PrinterRenderer/Ubuntu_Attempt/Test Codes/revision3/build/CMakeFiles/CMakeTmp'
Building CXX object CMakeFiles/cmTC_ef4c0.dir/src.cxx.o
/usr/bin/c++   -fsigned-char -W -Wall -Wreturn-type -Wnon-virtual-dtor -Waddress -Wsequence-point -Wformat -Wformat-security -Winit-self -Wpointer-arith -Wuninitialized -Wsuggest-override -Wno-delete-non-virtual-dtor -Wno-comment -Wimplicit-fallthrough=3 -Wno-strict-overflow -fdiagnostics-show-option -Wno-long-long -pthread -fomit-frame-pointer -ffunction-sections -fdata-sections  -msse -msse2 -msse3 -fvisibility=hidden -fvisibility-inlines-hidden -Wno-deprecated -Wno-missing-declarations -Wno-shadow -Wno-unused-parameter -Wno-unused-local-typedefs -Wno-sign-compare -Wno-sign-promo -Wno-undef -Wno-ignored-qualifiers -Wno-extra -Wno-unused-function -Wno-unused-const-variable -Wno-invalid-offsetof  -O3 -DNDEBUG  -DNDEBUG -fPIE    -Wno-enum-compare-switch -std=c++11 -o CMakeFiles/cmTC_ef4c0.dir/src.cxx.o -c "/home/ansh/Desktop/EC535/3DPrinterMonitor/PrinterRenderer/Ubuntu_Attempt/Test Codes/revision3/build/CMakeFiles/CMakeTmp/src.cxx"
/home/ansh/Desktop/EC535/3DPrinterMonitor/PrinterRenderer/Ubuntu_Attempt/Test Codes/revision3/build/CMakeFiles/CMakeTmp/src.cxx:1: warning: ignoring ‘#pragma  ’ [-Wunknown-pragmas]
    1 | #pragma
      | 
cc1plus: note: unrecognized command-line option ‘-Wno-enum-compare-switch’ may have been intended to silence earlier diagnostics
Linking CXX executable cmTC_ef4c0
/usr/bin/cmake -E cmake_link_script CMakeFiles/cmTC_ef4c0.dir/link.txt --verbose=1
/usr/bin/c++    -fsigned-char -W -Wall -Wreturn-type -Wnon-virtual-dtor -Waddress -Wsequence-point -Wformat -Wformat-security -Winit-self -Wpointer-arith -Wuninitialized -Wsuggest-override -Wno-delete-non-virtual-dtor -Wno-comment -Wimplicit-fallthrough=3 -Wno-strict-overflow -fdiagnostics-show-option -Wno-long-long -pthread -fomit-frame-pointer -ffunction-sections -fdata-sections  -msse -msse2 -msse3 -fvisibility=hidden -fvisibility-inlines-hidden -Wno-deprecated -Wno-missing-declarations -Wno-shadow -Wno-unused-parameter -Wno-unused-local-typedefs -Wno-sign-compare -Wno-sign-promo -Wno-undef -Wno-ignored-qualifiers -Wno-extra -Wno-unused-function -Wno-unused-const-variable -Wno-invalid-offsetof  -O3 -DNDEBUG  -DNDEBUG   -Wl,--gc-sections -Wl,--as-needed -Wl,--no-undefined  CMakeFiles/cmTC_ef4c0.dir/src.cxx.o -o cmTC_ef4c0 
gmake[1]: Leaving directory '/home/ansh/Desktop/EC535/3DPrinterMonitor/PrinterRenderer/Ubuntu_Attempt/Test Codes/revision3/build/CMakeFiles/CMakeTmp'


===== END =====

Build output check failed:
    Regex: 'unrecognized .*option'
    Output line: 'cc1plus: note: unrecognized command-line option ‘-Wno-comma’ may have been intended to silence earlier diagnostics'
Compilation failed:
    source file: '/home/ansh/Desktop/EC535/3DPrinterMonitor/PrinterRenderer/Ubuntu_Attempt/Test Codes/revision3/build/CMakeFiles/CMakeTmp/src.cxx'
    check option: ' -Wno-comma'
===== BUILD LOG =====
Change Dir: /home/ansh/Desktop/EC535/3DPrinterMonitor/PrinterRenderer/Ubuntu_Attempt/Test Codes/revision3/build/CMakeFiles/CMakeTmp

Run Build Command(s):/usr/bin/gmake -f Makefile cmTC_f4da2/fast && /usr/bin/gmake  -f CMakeFiles/cmTC_f4da2.dir/build.make CMakeFiles/cmTC_f4da2.dir/build
gmake[1]: Entering directory '/home/ansh/Desktop/EC535/3DPrinterMonitor/PrinterRenderer/Ubuntu_Attempt/Test Codes/revision3/build/CMakeFiles/CMakeTmp'
Building CXX object CMakeFiles/cmTC_f4da2.dir/src.cxx.o
/usr/bin/c++   -fsigned-char -W -Wall -Wreturn-type -Wnon-virtual-dtor -Waddress -Wsequence-point -Wformat -Wformat-security -Winit-self -Wpointer-arith -Wuninitialized -Wno-delete-non-virtual-dtor -Wno-comment -Wno-strict-overflow -fdiagnostics-show-option -Wno-long-long -pthread -fomit-frame-pointer -ffunction-sections -fdata-sections  -msse -msse2 -msse3 -fvisibility=hidden -fvisibility-inlines-hidden -Wno-deprecated -Wno-missing-declarations -Wno-shadow -Wno-unused-parameter -Wno-unused-local-typedefs -Wno-sign-compare -Wno-sign-promo -Wno-undef -Wno-ignored-qualifiers -Wno-extra -Wno-unused-function -Wno-unused-const-variable -Wno-invalid-offsetof -Wno-suggest-override -Wno-implicit-fallthrough -Wno-array-bounds -Wno-stringop-overflow -Wno-stringop-overread -Wno-extra-semi  -O3 -DNDEBUG  -DNDEBUG -fPIE    -Wno-comma -std=c++11 -o CMakeFiles/cmTC_f4da2.dir/src.cxx.o -c "/home/ansh/Desktop/EC535/3DPrinterMonitor/PrinterRenderer/Ubuntu_Attempt/Test Codes/revision3/build/CMakeFiles/CMakeTmp/src.cxx"
/home/ansh/Desktop/EC535/3DPrinterMonitor/PrinterRenderer/Ubuntu_Attempt/Test Codes/revision3/build/CMakeFiles/CMakeTmp/src.cxx:1: warning: ignoring ‘#pragma  ’ [-Wunknown-pragmas]
    1 | #pragma
      | 
cc1plus: note: unrecognized command-line option ‘-Wno-comma’ may have been intended to silence earlier diagnostics
Linking CXX executable cmTC_f4da2
/usr/bin/cmake -E cmake_link_script CMakeFiles/cmTC_f4da2.dir/link.txt --verbose=1
/usr/bin/c++    -fsigned-char -W -Wall -Wreturn-type -Wnon-virtual-dtor -Waddress -Wsequence-point -Wformat -Wformat-security -Winit-self -Wpointer-arith -Wuninitialized -Wno-delete-non-virtual-dtor -Wno-comment -Wno-strict-overflow -fdiagnostics-show-option -Wno-long-long -pthread -fomit-frame-pointer -ffunction-sections -fdata-sections  -msse -msse2 -msse3 -fvisibility=hidden -fvisibility-inlines-hidden -Wno-deprecated -Wno-missing-declarations -Wno-shadow -Wno-unused-parameter -Wno-unused-local-typedefs -Wno-sign-compare -Wno-sign-promo -Wno-undef -Wno-ignored-qualifiers -Wno-extra -Wno-unused-function -Wno-unused-const-variable -Wno-invalid-offsetof -Wno-suggest-override -Wno-implicit-fallthrough -Wno-array-bounds -Wno-stringop-overflow -Wno-stringop-overread -Wno-extra-semi  -O3 -DNDEBUG  -DNDEBUG   -Wl,--gc-sections -Wl,--as-needed -Wl,--no-undefined  CMakeFiles/cmTC_f4da2.dir/src.cxx.o -o cmTC_f4da2 
gmake[1]: Leaving directory '/home/ansh/Desktop/EC535/3DPrinterMonitor/PrinterRenderer/Ubuntu_Attempt/Test Codes/revision3/build/CMakeFiles/CMakeTmp'


===== END =====

Determining if the include file sys/videoio.h exists failed with the following output:
Change Dir: /home/ansh/Desktop/EC535/3DPrinterMonitor/PrinterRenderer/Ubuntu_Attempt/Test Codes/revision3/build/CMakeFiles/CMakeTmp

Run Build Command(s):/usr/bin/gmake -f Makefile cmTC_30303/fast && /usr/bin/gmake  -f CMakeFiles/cmTC_30303.dir/build.make CMakeFiles/cmTC_30303.dir/build
gmake[1]: Entering directory '/home/ansh/Desktop/EC535/3DPrinterMonitor/PrinterRenderer/Ubuntu_Attempt/Test Codes/revision3/build/CMakeFiles/CMakeTmp'
Building C object CMakeFiles/cmTC_30303.dir/CheckIncludeFile.c.o
/usr/bin/cc   -fsigned-char -W -Wall -Wreturn-type -Waddress -Wsequence-point -Wformat -Wformat-security -Wmissing-declarations -Wmissing-prototypes -Wstrict-prototypes -Wundef -Winit-self -Wpointer-arith -Wshadow -Wuninitialized -Wno-comment -Wimplicit-fallthrough=3 -Wno-strict-overflow -fdiagnostics-show-option -Wno-long-long -pthread -fomit-frame-pointer -ffunction-sections -fdata-sections  -msse -msse2 -msse3 -fvisibility=hidden  -O3 -DNDEBUG  -DNDEBUG -fPIE -o CMakeFiles/cmTC_30303.dir/CheckIncludeFile.c.o -c "/home/ansh/Desktop/EC535/3DPrinterMonitor/PrinterRenderer/Ubuntu_Attempt/Test Codes/revision3/build/CMakeFiles/CMakeTmp/CheckIncludeFile.c"
/home/ansh/Desktop/EC535/3DPrinterMonitor/PrinterRenderer/Ubuntu_Attempt/Test Codes/revision3/build/CMakeFiles/CMakeTmp/CheckIncludeFile.c:1:10: fatal error: sys/videoio.h: No such file or directory
    1 | #include <sys/videoio.h>
      |          ^~~~~~~~~~~~~~~
compilation terminated.
gmake[1]: *** [CMakeFiles/cmTC_30303.dir/build.make:78: CMakeFiles/cmTC_30303.dir/CheckIncludeFile.c.o] Error 1
gmake[1]: Leaving directory '/home/ansh/Desktop/EC535/3DPrinterMonitor/PrinterRenderer/Ubuntu_Attempt/Test Codes/revision3/build/CMakeFiles/CMakeTmp'
gmake: *** [Makefile:127: cmTC_30303/fast] Error 2



